{"C:\\Users\\MinkyoLee\\NivelArenaSimulator2\\packs\\ST01.json": {"path":"C:\\Users\\MinkyoLee\\NivelArenaSimulator2\\packs\\ST01.json","statementMap":{},"fnMap":{},"branchMap":{},"s":{},"f":{},"b":{},"meta":{"lastBranch":0,"lastFunction":0,"lastStatement":0,"seen":{}}}
,"C:\\Users\\MinkyoLee\\NivelArenaSimulator2\\packs\\ST02.json": {"path":"C:\\Users\\MinkyoLee\\NivelArenaSimulator2\\packs\\ST02.json","statementMap":{},"fnMap":{},"branchMap":{},"s":{},"f":{},"b":{},"meta":{"lastBranch":0,"lastFunction":0,"lastStatement":0,"seen":{}}}
,"C:\\Users\\MinkyoLee\\NivelArenaSimulator2\\src\\logic\\CardDatabase.ts": {"path":"C:\\Users\\MinkyoLee\\NivelArenaSimulator2\\src\\logic\\CardDatabase.ts","statementMap":{"0":{"start":{"line":7,"column":49},"end":{"line":10,"column":null}},"1":{"start":{"line":13,"column":4},"end":{"line":19,"column":null}},"2":{"start":{"line":14,"column":19},"end":{"line":14,"column":null}},"3":{"start":{"line":15,"column":19},"end":{"line":15,"column":null}},"4":{"start":{"line":16,"column":19},"end":{"line":16,"column":null}},"5":{"start":{"line":17,"column":20},"end":{"line":17,"column":null}},"6":{"start":{"line":18,"column":17},"end":{"line":18,"column":null}},"7":{"start":{"line":23,"column":4},"end":{"line":31,"column":null}},"8":{"start":{"line":24,"column":19},"end":{"line":24,"column":null}},"9":{"start":{"line":25,"column":19},"end":{"line":25,"column":null}},"10":{"start":{"line":26,"column":19},"end":{"line":26,"column":null}},"11":{"start":{"line":27,"column":19},"end":{"line":27,"column":null}},"12":{"start":{"line":28,"column":19},"end":{"line":28,"column":null}},"13":{"start":{"line":29,"column":19},"end":{"line":29,"column":null}},"14":{"start":{"line":30,"column":17},"end":{"line":30,"column":null}},"15":{"start":{"line":34,"column":35},"end":{"line":47,"column":null}},"16":{"start":{"line":34,"column":79},"end":{"line":47,"column":2}},"17":{"start":{"line":50,"column":25},"end":{"line":50,"column":null}},"18":{"start":{"line":52,"column":21},"end":{"line":52,"column":null}},"19":{"start":{"line":52,"column":45},"end":{"line":52,"column":71}},"20":{"start":{"line":53,"column":4},"end":{"line":56,"column":null}},"21":{"start":{"line":53,"column":17},"end":{"line":53,"column":20}},"22":{"start":{"line":54,"column":25},"end":{"line":54,"column":null}},"23":{"start":{"line":55,"column":8},"end":{"line":55,"column":null}},"24":{"start":{"line":57,"column":4},"end":{"line":57,"column":null}}},"fnMap":{"0":{"name":"mapType","decl":{"start":{"line":12,"column":9},"end":{"line":12,"column":17}},"loc":{"start":{"line":12,"column":44},"end":{"line":20,"column":null}},"line":12},"1":{"name":"mapAttribute","decl":{"start":{"line":22,"column":9},"end":{"line":22,"column":22}},"loc":{"start":{"line":22,"column":50},"end":{"line":32,"column":null}},"line":22},"2":{"name":"(anonymous_2)","decl":{"start":{"line":34,"column":64},"end":{"line":34,"column":65}},"loc":{"start":{"line":34,"column":79},"end":{"line":47,"column":2}},"line":34},"3":{"name":"createDeck","decl":{"start":{"line":49,"column":16},"end":{"line":49,"column":37}},"loc":{"start":{"line":49,"column":37},"end":{"line":58,"column":null}},"line":49},"4":{"name":"(anonymous_4)","decl":{"start":{"line":52,"column":40},"end":{"line":52,"column":45}},"loc":{"start":{"line":52,"column":45},"end":{"line":52,"column":71}},"line":52}},"branchMap":{"0":{"loc":{"start":{"line":13,"column":4},"end":{"line":19,"column":null}},"type":"switch","locations":[{"start":{"line":14,"column":8},"end":{"line":14,"column":null}},{"start":{"line":15,"column":8},"end":{"line":15,"column":null}},{"start":{"line":16,"column":8},"end":{"line":16,"column":null}},{"start":{"line":17,"column":8},"end":{"line":17,"column":null}},{"start":{"line":18,"column":8},"end":{"line":18,"column":null}}],"line":13},"1":{"loc":{"start":{"line":23,"column":4},"end":{"line":31,"column":null}},"type":"switch","locations":[{"start":{"line":24,"column":8},"end":{"line":24,"column":null}},{"start":{"line":25,"column":8},"end":{"line":25,"column":null}},{"start":{"line":26,"column":8},"end":{"line":26,"column":null}},{"start":{"line":27,"column":8},"end":{"line":27,"column":null}},{"start":{"line":28,"column":8},"end":{"line":28,"column":null}},{"start":{"line":29,"column":8},"end":{"line":29,"column":null}},{"start":{"line":30,"column":8},"end":{"line":30,"column":null}}],"line":23},"2":{"loc":{"start":{"line":39,"column":10},"end":{"line":39,"column":null}},"type":"cond-expr","locations":[{"start":{"line":39,"column":31},"end":{"line":39,"column":35}},{"start":{"line":39,"column":35},"end":{"line":39,"column":null}}],"line":39},"3":{"loc":{"start":{"line":40,"column":11},"end":{"line":40,"column":null}},"type":"cond-expr","locations":[{"start":{"line":40,"column":31},"end":{"line":40,"column":43}},{"start":{"line":40,"column":43},"end":{"line":40,"column":null}}],"line":40},"4":{"loc":{"start":{"line":41,"column":9},"end":{"line":41,"column":null}},"type":"cond-expr","locations":[{"start":{"line":41,"column":27},"end":{"line":41,"column":39}},{"start":{"line":41,"column":39},"end":{"line":41,"column":null}}],"line":41},"5":{"loc":{"start":{"line":46,"column":13},"end":{"line":46,"column":null}},"type":"binary-expr","locations":[{"start":{"line":46,"column":13},"end":{"line":46,"column":39}},{"start":{"line":46,"column":39},"end":{"line":46,"column":null}}],"line":46}},"s":{"0":1,"1":34,"2":2,"3":20,"4":8,"5":4,"6":0,"7":34,"8":17,"9":17,"10":0,"11":0,"12":0,"13":0,"14":0,"15":1,"16":34,"17":0,"18":0,"19":0,"20":0,"21":0,"22":0,"23":0,"24":0},"f":{"0":34,"1":34,"2":34,"3":0,"4":0},"b":{"0":[2,20,8,4,0],"1":[17,17,0,0,0,0,0],"2":[2,32],"3":[14,20],"4":[14,20],"5":[34,7]},"meta":{"lastBranch":6,"lastFunction":5,"lastStatement":25,"seen":{"s:7:49:10:Infinity":0,"f:12:9:12:17":0,"b:14:8:14:Infinity:15:8:15:Infinity:16:8:16:Infinity:17:8:17:Infinity:18:8:18:Infinity":0,"s:13:4:19:Infinity":1,"s:14:19:14:Infinity":2,"s:15:19:15:Infinity":3,"s:16:19:16:Infinity":4,"s:17:20:17:Infinity":5,"s:18:17:18:Infinity":6,"f:22:9:22:22":1,"b:24:8:24:Infinity:25:8:25:Infinity:26:8:26:Infinity:27:8:27:Infinity:28:8:28:Infinity:29:8:29:Infinity:30:8:30:Infinity":1,"s:23:4:31:Infinity":7,"s:24:19:24:Infinity":8,"s:25:19:25:Infinity":9,"s:26:19:26:Infinity":10,"s:27:19:27:Infinity":11,"s:28:19:28:Infinity":12,"s:29:19:29:Infinity":13,"s:30:17:30:Infinity":14,"s:34:35:47:Infinity":15,"f:34:64:34:65":2,"s:34:79:47:2":16,"b:39:31:39:35:39:35:39:Infinity":2,"b:40:31:40:43:40:43:40:Infinity":3,"b:41:27:41:39:41:39:41:Infinity":4,"b:46:13:46:39:46:39:46:Infinity":5,"f:49:16:49:37":3,"s:50:25:50:Infinity":17,"s:52:21:52:Infinity":18,"f:52:40:52:45":4,"s:52:45:52:71":19,"s:53:4:56:Infinity":20,"s:53:17:53:20":21,"s:54:25:54:Infinity":22,"s:55:8:55:Infinity":23,"s:57:4:57:Infinity":24}}}
,"C:\\Users\\MinkyoLee\\NivelArenaSimulator2\\src\\logic\\GameEngine.ts": {"path":"C:\\Users\\MinkyoLee\\NivelArenaSimulator2\\src\\logic\\GameEngine.ts","statementMap":{"0":{"start":{"line":11,"column":8},"end":{"line":11,"column":null}},"1":{"start":{"line":12,"column":8},"end":{"line":24,"column":null}},"2":{"start":{"line":25,"column":8},"end":{"line":25,"column":null}},"3":{"start":{"line":30,"column":26},"end":{"line":30,"column":null}},"4":{"start":{"line":30,"column":43},"end":{"line":30,"column":69}},"5":{"start":{"line":33,"column":27},"end":{"line":33,"column":null}},"6":{"start":{"line":35,"column":8},"end":{"line":50,"column":null}},"7":{"start":{"line":54,"column":8},"end":{"line":57,"column":null}},"8":{"start":{"line":54,"column":21},"end":{"line":54,"column":38}},"9":{"start":{"line":55,"column":22},"end":{"line":55,"column":null}},"10":{"start":{"line":56,"column":12},"end":{"line":56,"column":null}},"11":{"start":{"line":58,"column":8},"end":{"line":58,"column":null}},"12":{"start":{"line":63,"column":8},"end":{"line":63,"column":null}},"13":{"start":{"line":64,"column":8},"end":{"line":64,"column":null}},"14":{"start":{"line":68,"column":8},"end":{"line":68,"column":null}},"15":{"start":{"line":72,"column":8},"end":{"line":72,"column":null}},"16":{"start":{"line":76,"column":23},"end":{"line":76,"column":null}},"17":{"start":{"line":77,"column":8},"end":{"line":84,"column":null}},"18":{"start":{"line":77,"column":21},"end":{"line":77,"column":24}},"19":{"start":{"line":78,"column":12},"end":{"line":81,"column":null}},"20":{"start":{"line":79,"column":16},"end":{"line":79,"column":null}},"21":{"start":{"line":80,"column":16},"end":{"line":80,"column":null}},"22":{"start":{"line":82,"column":25},"end":{"line":82,"column":null}},"23":{"start":{"line":83,"column":12},"end":{"line":83,"column":null}},"24":{"start":{"line":88,"column":8},"end":{"line":88,"column":null}},"25":{"start":{"line":88,"column":31},"end":{"line":88,"column":null}},"26":{"start":{"line":90,"column":8},"end":{"line":114,"column":null}},"27":{"start":{"line":92,"column":16},"end":{"line":92,"column":null}},"28":{"start":{"line":93,"column":16},"end":{"line":93,"column":null}},"29":{"start":{"line":94,"column":16},"end":{"line":94,"column":null}},"30":{"start":{"line":96,"column":16},"end":{"line":98,"column":null}},"31":{"start":{"line":97,"column":20},"end":{"line":97,"column":null}},"32":{"start":{"line":99,"column":16},"end":{"line":99,"column":null}},"33":{"start":{"line":100,"column":16},"end":{"line":100,"column":null}},"34":{"start":{"line":102,"column":16},"end":{"line":102,"column":null}},"35":{"start":{"line":103,"column":16},"end":{"line":103,"column":null}},"36":{"start":{"line":105,"column":16},"end":{"line":105,"column":null}},"37":{"start":{"line":106,"column":16},"end":{"line":106,"column":null}},"38":{"start":{"line":107,"column":16},"end":{"line":107,"column":null}},"39":{"start":{"line":109,"column":16},"end":{"line":109,"column":null}},"40":{"start":{"line":110,"column":16},"end":{"line":110,"column":null}},"41":{"start":{"line":112,"column":16},"end":{"line":112,"column":null}},"42":{"start":{"line":113,"column":16},"end":{"line":113,"column":null}},"43":{"start":{"line":119,"column":8},"end":{"line":119,"column":null}},"44":{"start":{"line":119,"column":50},"end":{"line":119,"column":82}},"45":{"start":{"line":120,"column":8},"end":{"line":120,"column":null}},"46":{"start":{"line":123,"column":8},"end":{"line":127,"column":null}},"47":{"start":{"line":124,"column":12},"end":{"line":126,"column":null}},"48":{"start":{"line":125,"column":16},"end":{"line":125,"column":null}},"49":{"start":{"line":125,"column":46},"end":{"line":125,"column":71}},"50":{"start":{"line":130,"column":8},"end":{"line":133,"column":null}},"51":{"start":{"line":131,"column":30},"end":{"line":131,"column":null}},"52":{"start":{"line":132,"column":12},"end":{"line":132,"column":null}},"53":{"start":{"line":137,"column":8},"end":{"line":142,"column":null}},"54":{"start":{"line":138,"column":12},"end":{"line":138,"column":null}},"55":{"start":{"line":139,"column":12},"end":{"line":139,"column":null}},"56":{"start":{"line":140,"column":12},"end":{"line":140,"column":null}},"57":{"start":{"line":141,"column":12},"end":{"line":141,"column":null}},"58":{"start":{"line":144,"column":8},"end":{"line":144,"column":null}},"59":{"start":{"line":145,"column":8},"end":{"line":145,"column":null}},"60":{"start":{"line":146,"column":8},"end":{"line":146,"column":null}},"61":{"start":{"line":150,"column":23},"end":{"line":150,"column":null}},"62":{"start":{"line":151,"column":8},"end":{"line":155,"column":null}},"63":{"start":{"line":152,"column":12},"end":{"line":152,"column":null}},"64":{"start":{"line":153,"column":12},"end":{"line":153,"column":null}},"65":{"start":{"line":154,"column":12},"end":{"line":154,"column":null}},"66":{"start":{"line":159,"column":23},"end":{"line":159,"column":null}},"67":{"start":{"line":160,"column":8},"end":{"line":176,"column":null}},"68":{"start":{"line":161,"column":27},"end":{"line":161,"column":null}},"69":{"start":{"line":162,"column":12},"end":{"line":175,"column":null}},"70":{"start":{"line":163,"column":37},"end":{"line":163,"column":null}},"71":{"start":{"line":163,"column":62},"end":{"line":163,"column":105}},"72":{"start":{"line":164,"column":16},"end":{"line":174,"column":null}},"73":{"start":{"line":165,"column":36},"end":{"line":170,"column":null}},"74":{"start":{"line":171,"column":20},"end":{"line":173,"column":null}},"75":{"start":{"line":172,"column":24},"end":{"line":172,"column":null}},"76":{"start":{"line":180,"column":23},"end":{"line":180,"column":null}},"77":{"start":{"line":181,"column":8},"end":{"line":184,"column":null}},"78":{"start":{"line":182,"column":12},"end":{"line":182,"column":null}},"79":{"start":{"line":183,"column":12},"end":{"line":183,"column":null}},"80":{"start":{"line":189,"column":27},"end":{"line":189,"column":null}},"81":{"start":{"line":190,"column":8},"end":{"line":193,"column":null}},"82":{"start":{"line":191,"column":12},"end":{"line":191,"column":null}},"83":{"start":{"line":192,"column":12},"end":{"line":192,"column":null}},"84":{"start":{"line":195,"column":21},"end":{"line":195,"column":null}},"85":{"start":{"line":196,"column":21},"end":{"line":196,"column":null}},"86":{"start":{"line":197,"column":24},"end":{"line":197,"column":null}},"87":{"start":{"line":199,"column":8},"end":{"line":206,"column":null}},"88":{"start":{"line":200,"column":12},"end":{"line":200,"column":null}},"89":{"start":{"line":202,"column":12},"end":{"line":202,"column":null}},"90":{"start":{"line":203,"column":12},"end":{"line":203,"column":null}},"91":{"start":{"line":203,"column":36},"end":{"line":203,"column":68}},"92":{"start":{"line":204,"column":12},"end":{"line":204,"column":null}},"93":{"start":{"line":205,"column":12},"end":{"line":205,"column":null}},"94":{"start":{"line":208,"column":8},"end":{"line":214,"column":null}},"95":{"start":{"line":210,"column":12},"end":{"line":210,"column":null}},"96":{"start":{"line":211,"column":12},"end":{"line":211,"column":null}},"97":{"start":{"line":211,"column":36},"end":{"line":211,"column":68}},"98":{"start":{"line":212,"column":12},"end":{"line":212,"column":null}},"99":{"start":{"line":213,"column":12},"end":{"line":213,"column":null}},"100":{"start":{"line":217,"column":8},"end":{"line":217,"column":null}},"101":{"start":{"line":218,"column":8},"end":{"line":218,"column":null}},"102":{"start":{"line":219,"column":8},"end":{"line":219,"column":null}},"103":{"start":{"line":220,"column":8},"end":{"line":220,"column":null}},"104":{"start":{"line":223,"column":8},"end":{"line":229,"column":null}},"105":{"start":{"line":233,"column":27},"end":{"line":233,"column":null}},"106":{"start":{"line":234,"column":8},"end":{"line":237,"column":null}},"107":{"start":{"line":235,"column":12},"end":{"line":235,"column":null}},"108":{"start":{"line":236,"column":12},"end":{"line":236,"column":null}},"109":{"start":{"line":239,"column":21},"end":{"line":239,"column":null}},"110":{"start":{"line":242,"column":8},"end":{"line":242,"column":null}},"111":{"start":{"line":243,"column":8},"end":{"line":243,"column":null}},"112":{"start":{"line":246,"column":8},"end":{"line":251,"column":null}},"113":{"start":{"line":255,"column":27},"end":{"line":255,"column":null}},"114":{"start":{"line":256,"column":8},"end":{"line":259,"column":null}},"115":{"start":{"line":257,"column":12},"end":{"line":257,"column":null}},"116":{"start":{"line":258,"column":12},"end":{"line":258,"column":null}},"117":{"start":{"line":261,"column":21},"end":{"line":261,"column":null}},"118":{"start":{"line":262,"column":21},"end":{"line":262,"column":null}},"119":{"start":{"line":265,"column":8},"end":{"line":265,"column":null}},"120":{"start":{"line":266,"column":8},"end":{"line":266,"column":null}},"121":{"start":{"line":268,"column":8},"end":{"line":268,"column":null}},"122":{"start":{"line":272,"column":21},"end":{"line":272,"column":null}},"123":{"start":{"line":273,"column":21},"end":{"line":273,"column":null}},"124":{"start":{"line":274,"column":8},"end":{"line":274,"column":null}},"125":{"start":{"line":274,"column":71},"end":{"line":274,"column":null}},"126":{"start":{"line":276,"column":23},"end":{"line":276,"column":null}},"127":{"start":{"line":277,"column":8},"end":{"line":277,"column":null}},"128":{"start":{"line":277,"column":62},"end":{"line":277,"column":null}},"129":{"start":{"line":279,"column":24},"end":{"line":285,"column":null}},"130":{"start":{"line":287,"column":8},"end":{"line":289,"column":null}},"131":{"start":{"line":288,"column":12},"end":{"line":288,"column":null}},"132":{"start":{"line":295,"column":8},"end":{"line":295,"column":null}},"133":{"start":{"line":296,"column":8},"end":{"line":302,"column":null}},"134":{"start":{"line":303,"column":9},"end":{"line":303,"column":null}},"135":{"start":{"line":304,"column":9},"end":{"line":304,"column":null}},"136":{"start":{"line":306,"column":8},"end":{"line":306,"column":null}},"137":{"start":{"line":310,"column":8},"end":{"line":310,"column":null}},"138":{"start":{"line":310,"column":87},"end":{"line":310,"column":null}},"139":{"start":{"line":311,"column":24},"end":{"line":311,"column":null}},"140":{"start":{"line":312,"column":25},"end":{"line":312,"column":null}},"141":{"start":{"line":315,"column":8},"end":{"line":324,"column":null}},"142":{"start":{"line":316,"column":30},"end":{"line":316,"column":null}},"143":{"start":{"line":317,"column":12},"end":{"line":317,"column":null}},"144":{"start":{"line":318,"column":12},"end":{"line":318,"column":null}},"145":{"start":{"line":319,"column":8},"end":{"line":324,"column":null}},"146":{"start":{"line":320,"column":25},"end":{"line":320,"column":null}},"147":{"start":{"line":321,"column":12},"end":{"line":321,"column":null}},"148":{"start":{"line":322,"column":12},"end":{"line":322,"column":null}},"149":{"start":{"line":323,"column":12},"end":{"line":323,"column":null}},"150":{"start":{"line":327,"column":23},"end":{"line":327,"column":null}},"151":{"start":{"line":328,"column":24},"end":{"line":328,"column":null}},"152":{"start":{"line":329,"column":8},"end":{"line":329,"column":null}},"153":{"start":{"line":332,"column":8},"end":{"line":332,"column":null}},"154":{"start":{"line":333,"column":8},"end":{"line":333,"column":null}},"155":{"start":{"line":335,"column":8},"end":{"line":335,"column":null}},"156":{"start":{"line":339,"column":8},"end":{"line":339,"column":null}},"157":{"start":{"line":341,"column":8},"end":{"line":347,"column":null}},"158":{"start":{"line":351,"column":9},"end":{"line":351,"column":null}},"159":{"start":{"line":352,"column":9},"end":{"line":352,"column":null}},"160":{"start":{"line":354,"column":8},"end":{"line":354,"column":null}},"161":{"start":{"line":358,"column":27},"end":{"line":358,"column":null}},"162":{"start":{"line":359,"column":8},"end":{"line":362,"column":null}},"163":{"start":{"line":360,"column":12},"end":{"line":360,"column":null}},"164":{"start":{"line":361,"column":12},"end":{"line":361,"column":null}},"165":{"start":{"line":364,"column":29},"end":{"line":364,"column":null}},"166":{"start":{"line":365,"column":8},"end":{"line":365,"column":null}},"167":{"start":{"line":368,"column":8},"end":{"line":374,"column":null}},"168":{"start":{"line":376,"column":8},"end":{"line":384,"column":null}},"169":{"start":{"line":377,"column":12},"end":{"line":383,"column":null}},"170":{"start":{"line":387,"column":33},"end":{"line":387,"column":null}},"171":{"start":{"line":388,"column":28},"end":{"line":388,"column":null}},"172":{"start":{"line":391,"column":26},"end":{"line":391,"column":null}},"173":{"start":{"line":393,"column":8},"end":{"line":404,"column":null}},"174":{"start":{"line":395,"column":12},"end":{"line":395,"column":null}},"175":{"start":{"line":396,"column":12},"end":{"line":396,"column":null}},"176":{"start":{"line":403,"column":12},"end":{"line":403,"column":null}},"177":{"start":{"line":408,"column":8},"end":{"line":408,"column":null}},"178":{"start":{"line":408,"column":90},"end":{"line":408,"column":null}},"179":{"start":{"line":410,"column":34},"end":{"line":410,"column":null}},"180":{"start":{"line":411,"column":29},"end":{"line":411,"column":null}},"181":{"start":{"line":413,"column":33},"end":{"line":413,"column":null}},"182":{"start":{"line":414,"column":28},"end":{"line":414,"column":null}},"183":{"start":{"line":417,"column":8},"end":{"line":428,"column":null}},"184":{"start":{"line":418,"column":39},"end":{"line":420,"column":null}},"185":{"start":{"line":419,"column":16},"end":{"line":419,"column":null}},"186":{"start":{"line":421,"column":12},"end":{"line":427,"column":null}},"187":{"start":{"line":422,"column":32},"end":{"line":422,"column":null}},"188":{"start":{"line":423,"column":16},"end":{"line":426,"column":null}},"189":{"start":{"line":424,"column":20},"end":{"line":424,"column":null}},"190":{"start":{"line":425,"column":20},"end":{"line":425,"column":null}},"191":{"start":{"line":431,"column":26},"end":{"line":431,"column":null}},"192":{"start":{"line":432,"column":31},"end":{"line":432,"column":null}},"193":{"start":{"line":433,"column":8},"end":{"line":435,"column":null}},"194":{"start":{"line":434,"column":12},"end":{"line":434,"column":null}},"195":{"start":{"line":437,"column":8},"end":{"line":462,"column":null}},"196":{"start":{"line":439,"column":12},"end":{"line":445,"column":null}},"197":{"start":{"line":447,"column":12},"end":{"line":455,"column":null}},"198":{"start":{"line":448,"column":16},"end":{"line":454,"column":null}},"199":{"start":{"line":458,"column":12},"end":{"line":458,"column":null}},"200":{"start":{"line":461,"column":12},"end":{"line":461,"column":null}},"201":{"start":{"line":465,"column":8},"end":{"line":465,"column":null}},"202":{"start":{"line":466,"column":8},"end":{"line":466,"column":null}},"203":{"start":{"line":471,"column":25},"end":{"line":471,"column":null}},"204":{"start":{"line":472,"column":25},"end":{"line":472,"column":null}},"205":{"start":{"line":474,"column":8},"end":{"line":474,"column":null}},"206":{"start":{"line":476,"column":8},"end":{"line":490,"column":null}},"207":{"start":{"line":477,"column":12},"end":{"line":477,"column":null}},"208":{"start":{"line":480,"column":29},"end":{"line":480,"column":null}},"209":{"start":{"line":481,"column":12},"end":{"line":483,"column":null}},"210":{"start":{"line":482,"column":16},"end":{"line":482,"column":null}},"211":{"start":{"line":486,"column":29},"end":{"line":486,"column":null}},"212":{"start":{"line":487,"column":12},"end":{"line":489,"column":null}},"213":{"start":{"line":488,"column":16},"end":{"line":488,"column":null}},"214":{"start":{"line":492,"column":8},"end":{"line":494,"column":null}},"215":{"start":{"line":493,"column":12},"end":{"line":493,"column":null}},"216":{"start":{"line":498,"column":8},"end":{"line":498,"column":null}},"217":{"start":{"line":502,"column":8},"end":{"line":502,"column":null}},"218":{"start":{"line":502,"column":24},"end":{"line":502,"column":null}},"219":{"start":{"line":503,"column":20},"end":{"line":503,"column":null}},"220":{"start":{"line":509,"column":8},"end":{"line":511,"column":null}},"221":{"start":{"line":510,"column":12},"end":{"line":510,"column":null}},"222":{"start":{"line":514,"column":8},"end":{"line":516,"column":null}},"223":{"start":{"line":515,"column":12},"end":{"line":515,"column":null}},"224":{"start":{"line":515,"column":42},"end":{"line":515,"column":null}},"225":{"start":{"line":518,"column":8},"end":{"line":518,"column":null}},"226":{"start":{"line":522,"column":8},"end":{"line":522,"column":null}},"227":{"start":{"line":522,"column":24},"end":{"line":522,"column":null}},"228":{"start":{"line":523,"column":20},"end":{"line":523,"column":null}},"229":{"start":{"line":525,"column":8},"end":{"line":525,"column":null}},"230":{"start":{"line":525,"column":51},"end":{"line":525,"column":null}},"231":{"start":{"line":527,"column":8},"end":{"line":529,"column":null}},"232":{"start":{"line":528,"column":12},"end":{"line":528,"column":null}},"233":{"start":{"line":528,"column":38},"end":{"line":528,"column":null}},"234":{"start":{"line":531,"column":8},"end":{"line":531,"column":null}},"235":{"start":{"line":535,"column":8},"end":{"line":550,"column":null}},"236":{"start":{"line":537,"column":12},"end":{"line":543,"column":null}},"237":{"start":{"line":545,"column":12},"end":{"line":545,"column":null}},"238":{"start":{"line":546,"column":12},"end":{"line":546,"column":null}},"239":{"start":{"line":546,"column":36},"end":{"line":546,"column":56}},"240":{"start":{"line":547,"column":12},"end":{"line":547,"column":null}},"241":{"start":{"line":548,"column":12},"end":{"line":548,"column":null}},"242":{"start":{"line":549,"column":12},"end":{"line":549,"column":null}},"243":{"start":{"line":554,"column":8},"end":{"line":564,"column":null}},"244":{"start":{"line":555,"column":12},"end":{"line":563,"column":null}},"245":{"start":{"line":556,"column":16},"end":{"line":562,"column":null}},"246":{"start":{"line":557,"column":34},"end":{"line":557,"column":null}},"247":{"start":{"line":558,"column":20},"end":{"line":561,"column":null}},"248":{"start":{"line":559,"column":24},"end":{"line":559,"column":null}},"249":{"start":{"line":560,"column":24},"end":{"line":560,"column":null}},"250":{"start":{"line":568,"column":8},"end":{"line":568,"column":null}},"251":{"start":{"line":569,"column":30},"end":{"line":569,"column":null}},"252":{"start":{"line":571,"column":8},"end":{"line":603,"column":null}},"253":{"start":{"line":573,"column":12},"end":{"line":573,"column":null}},"254":{"start":{"line":576,"column":12},"end":{"line":579,"column":null}},"255":{"start":{"line":577,"column":16},"end":{"line":577,"column":null}},"256":{"start":{"line":578,"column":16},"end":{"line":578,"column":null}},"257":{"start":{"line":582,"column":25},"end":{"line":582,"column":null}},"258":{"start":{"line":583,"column":12},"end":{"line":583,"column":null}},"259":{"start":{"line":586,"column":33},"end":{"line":591,"column":null}},"260":{"start":{"line":589,"column":55},"end":{"line":589,"column":73}},"261":{"start":{"line":593,"column":12},"end":{"line":596,"column":null}},"262":{"start":{"line":594,"column":16},"end":{"line":594,"column":null}},"263":{"start":{"line":595,"column":16},"end":{"line":595,"column":null}},"264":{"start":{"line":599,"column":12},"end":{"line":602,"column":null}},"265":{"start":{"line":600,"column":16},"end":{"line":600,"column":null}},"266":{"start":{"line":601,"column":16},"end":{"line":601,"column":null}},"267":{"start":{"line":607,"column":19},"end":{"line":607,"column":null}},"268":{"start":{"line":610,"column":8},"end":{"line":621,"column":null}},"269":{"start":{"line":611,"column":12},"end":{"line":620,"column":null}},"270":{"start":{"line":612,"column":16},"end":{"line":619,"column":null}},"271":{"start":{"line":614,"column":39},"end":{"line":614,"column":null}},"272":{"start":{"line":615,"column":20},"end":{"line":618,"column":null}},"273":{"start":{"line":617,"column":24},"end":{"line":617,"column":null}},"274":{"start":{"line":623,"column":8},"end":{"line":623,"column":null}},"275":{"start":{"line":627,"column":8},"end":{"line":627,"column":null}},"276":{"start":{"line":627,"column":24},"end":{"line":627,"column":null}},"277":{"start":{"line":628,"column":20},"end":{"line":628,"column":null}},"278":{"start":{"line":631,"column":8},"end":{"line":635,"column":null}},"279":{"start":{"line":632,"column":12},"end":{"line":634,"column":null}},"280":{"start":{"line":633,"column":16},"end":{"line":633,"column":null}},"281":{"start":{"line":638,"column":96},"end":{"line":638,"column":null}},"282":{"start":{"line":641,"column":8},"end":{"line":647,"column":null}},"283":{"start":{"line":642,"column":12},"end":{"line":645,"column":null}},"284":{"start":{"line":643,"column":16},"end":{"line":643,"column":null}},"285":{"start":{"line":643,"column":28},"end":{"line":643,"column":null}},"286":{"start":{"line":644,"column":16},"end":{"line":644,"column":null}},"287":{"start":{"line":644,"column":40},"end":{"line":644,"column":99}},"288":{"start":{"line":646,"column":12},"end":{"line":646,"column":null}},"289":{"start":{"line":646,"column":29},"end":{"line":646,"column":null}},"290":{"start":{"line":649,"column":8},"end":{"line":682,"column":null}},"291":{"start":{"line":650,"column":12},"end":{"line":681,"column":null}},"292":{"start":{"line":651,"column":16},"end":{"line":680,"column":null}},"293":{"start":{"line":652,"column":20},"end":{"line":679,"column":null}},"294":{"start":{"line":653,"column":53},"end":{"line":659,"column":null}},"295":{"start":{"line":655,"column":67},"end":{"line":655,"column":85}},"296":{"start":{"line":662,"column":24},"end":{"line":662,"column":null}},"297":{"start":{"line":662,"column":81},"end":{"line":662,"column":null}},"298":{"start":{"line":665,"column":24},"end":{"line":668,"column":null}},"299":{"start":{"line":667,"column":28},"end":{"line":667,"column":null}},"300":{"start":{"line":667,"column":67},"end":{"line":667,"column":null}},"301":{"start":{"line":671,"column":24},"end":{"line":678,"column":null}},"302":{"start":{"line":672,"column":43},"end":{"line":672,"column":null}},"303":{"start":{"line":673,"column":40},"end":{"line":673,"column":null}},"304":{"start":{"line":674,"column":28},"end":{"line":676,"column":null}},"305":{"start":{"line":675,"column":32},"end":{"line":675,"column":null}},"306":{"start":{"line":677,"column":28},"end":{"line":677,"column":null}},"307":{"start":{"line":684,"column":8},"end":{"line":684,"column":null}},"308":{"start":{"line":688,"column":8},"end":{"line":688,"column":null}},"309":{"start":{"line":688,"column":24},"end":{"line":688,"column":null}},"310":{"start":{"line":689,"column":18},"end":{"line":689,"column":null}},"311":{"start":{"line":692,"column":8},"end":{"line":696,"column":null}},"312":{"start":{"line":693,"column":12},"end":{"line":695,"column":null}},"313":{"start":{"line":694,"column":16},"end":{"line":694,"column":null}},"314":{"start":{"line":699,"column":96},"end":{"line":699,"column":null}},"315":{"start":{"line":700,"column":8},"end":{"line":706,"column":null}},"316":{"start":{"line":701,"column":12},"end":{"line":704,"column":null}},"317":{"start":{"line":702,"column":16},"end":{"line":702,"column":null}},"318":{"start":{"line":702,"column":28},"end":{"line":702,"column":null}},"319":{"start":{"line":703,"column":16},"end":{"line":703,"column":null}},"320":{"start":{"line":703,"column":40},"end":{"line":703,"column":99}},"321":{"start":{"line":705,"column":12},"end":{"line":705,"column":null}},"322":{"start":{"line":705,"column":29},"end":{"line":705,"column":null}},"323":{"start":{"line":708,"column":8},"end":{"line":729,"column":null}},"324":{"start":{"line":709,"column":12},"end":{"line":728,"column":null}},"325":{"start":{"line":710,"column":16},"end":{"line":727,"column":null}},"326":{"start":{"line":711,"column":20},"end":{"line":726,"column":null}},"327":{"start":{"line":712,"column":53},"end":{"line":718,"column":null}},"328":{"start":{"line":714,"column":67},"end":{"line":714,"column":85}},"329":{"start":{"line":720,"column":24},"end":{"line":720,"column":null}},"330":{"start":{"line":720,"column":81},"end":{"line":720,"column":null}},"331":{"start":{"line":722,"column":24},"end":{"line":725,"column":null}},"332":{"start":{"line":723,"column":43},"end":{"line":723,"column":null}},"333":{"start":{"line":724,"column":28},"end":{"line":724,"column":null}},"334":{"start":{"line":731,"column":8},"end":{"line":731,"column":null}},"335":{"start":{"line":736,"column":8},"end":{"line":736,"column":null}},"336":{"start":{"line":736,"column":89},"end":{"line":736,"column":null}},"337":{"start":{"line":739,"column":24},"end":{"line":739,"column":null}},"338":{"start":{"line":740,"column":23},"end":{"line":740,"column":null}},"339":{"start":{"line":741,"column":24},"end":{"line":741,"column":null}},"340":{"start":{"line":744,"column":29},"end":{"line":744,"column":null}},"341":{"start":{"line":745,"column":27},"end":{"line":745,"column":null}},"342":{"start":{"line":746,"column":22},"end":{"line":746,"column":null}},"343":{"start":{"line":749,"column":8},"end":{"line":752,"column":null}},"344":{"start":{"line":750,"column":12},"end":{"line":750,"column":null}},"345":{"start":{"line":751,"column":12},"end":{"line":751,"column":null}},"346":{"start":{"line":755,"column":8},"end":{"line":762,"column":null}},"347":{"start":{"line":756,"column":27},"end":{"line":756,"column":null}},"348":{"start":{"line":757,"column":28},"end":{"line":757,"column":null}},"349":{"start":{"line":758,"column":12},"end":{"line":761,"column":null}},"350":{"start":{"line":759,"column":16},"end":{"line":759,"column":null}},"351":{"start":{"line":760,"column":16},"end":{"line":760,"column":null}},"352":{"start":{"line":766,"column":8},"end":{"line":768,"column":null}},"353":{"start":{"line":767,"column":12},"end":{"line":767,"column":null}},"354":{"start":{"line":771,"column":8},"end":{"line":771,"column":null}},"355":{"start":{"line":774,"column":8},"end":{"line":774,"column":null}},"356":{"start":{"line":775,"column":8},"end":{"line":775,"column":null}}},"fnMap":{"0":{"name":"(anonymous_0)","decl":{"start":{"line":10,"column":4},"end":{"line":10,"column":16}},"loc":{"start":{"line":10,"column":118},"end":{"line":26,"column":null}},"line":10},"1":{"name":"(anonymous_1)","decl":{"start":{"line":28,"column":12},"end":{"line":28,"column":25}},"loc":{"start":{"line":28,"column":80},"end":{"line":51,"column":null}},"line":28},"2":{"name":"(anonymous_2)","decl":{"start":{"line":30,"column":38},"end":{"line":30,"column":43}},"loc":{"start":{"line":30,"column":43},"end":{"line":30,"column":69}},"line":30},"3":{"name":"(anonymous_3)","decl":{"start":{"line":53,"column":12},"end":{"line":53,"column":20}},"loc":{"start":{"line":53,"column":42},"end":{"line":59,"column":null}},"line":53},"4":{"name":"(anonymous_4)","decl":{"start":{"line":61,"column":12},"end":{"line":61,"column":24}},"loc":{"start":{"line":61,"column":24},"end":{"line":65,"column":null}},"line":61},"5":{"name":"(anonymous_5)","decl":{"start":{"line":67,"column":8},"end":{"line":67,"column":37}},"loc":{"start":{"line":67,"column":37},"end":{"line":69,"column":null}},"line":67},"6":{"name":"(anonymous_6)","decl":{"start":{"line":71,"column":8},"end":{"line":71,"column":38}},"loc":{"start":{"line":71,"column":38},"end":{"line":73,"column":null}},"line":71},"7":{"name":"(anonymous_7)","decl":{"start":{"line":75,"column":4},"end":{"line":75,"column":13}},"loc":{"start":{"line":75,"column":53},"end":{"line":85,"column":null}},"line":75},"8":{"name":"(anonymous_8)","decl":{"start":{"line":87,"column":4},"end":{"line":87,"column":16}},"loc":{"start":{"line":87,"column":16},"end":{"line":115,"column":null}},"line":87},"9":{"name":"(anonymous_9)","decl":{"start":{"line":117,"column":12},"end":{"line":117,"column":23}},"loc":{"start":{"line":117,"column":23},"end":{"line":134,"column":null}},"line":117},"10":{"name":"(anonymous_10)","decl":{"start":{"line":119,"column":45},"end":{"line":119,"column":50}},"loc":{"start":{"line":119,"column":50},"end":{"line":119,"column":82}},"line":119},"11":{"name":"(anonymous_11)","decl":{"start":{"line":123,"column":58},"end":{"line":123,"column":63}},"loc":{"start":{"line":123,"column":63},"end":{"line":127,"column":9}},"line":123},"12":{"name":"(anonymous_12)","decl":{"start":{"line":124,"column":32},"end":{"line":124,"column":37}},"loc":{"start":{"line":124,"column":37},"end":{"line":126,"column":13}},"line":124},"13":{"name":"(anonymous_13)","decl":{"start":{"line":125,"column":41},"end":{"line":125,"column":46}},"loc":{"start":{"line":125,"column":46},"end":{"line":125,"column":71}},"line":125},"14":{"name":"(anonymous_14)","decl":{"start":{"line":136,"column":12},"end":{"line":136,"column":22}},"loc":{"start":{"line":136,"column":22},"end":{"line":147,"column":null}},"line":136},"15":{"name":"(anonymous_15)","decl":{"start":{"line":137,"column":45},"end":{"line":137,"column":50}},"loc":{"start":{"line":137,"column":50},"end":{"line":142,"column":9}},"line":137},"16":{"name":"(anonymous_16)","decl":{"start":{"line":149,"column":11},"end":{"line":149,"column":26}},"loc":{"start":{"line":149,"column":63},"end":{"line":156,"column":null}},"line":149},"17":{"name":"(anonymous_17)","decl":{"start":{"line":158,"column":11},"end":{"line":158,"column":26}},"loc":{"start":{"line":158,"column":47},"end":{"line":177,"column":null}},"line":158},"18":{"name":"(anonymous_18)","decl":{"start":{"line":163,"column":57},"end":{"line":163,"column":62}},"loc":{"start":{"line":163,"column":62},"end":{"line":163,"column":105}},"line":163},"19":{"name":"(anonymous_19)","decl":{"start":{"line":179,"column":12},"end":{"line":179,"column":25}},"loc":{"start":{"line":179,"column":46},"end":{"line":185,"column":null}},"line":179},"20":{"name":"(anonymous_20)","decl":{"start":{"line":188,"column":4},"end":{"line":188,"column":13}},"loc":{"start":{"line":188,"column":51},"end":{"line":230,"column":null}},"line":188},"21":{"name":"(anonymous_21)","decl":{"start":{"line":203,"column":31},"end":{"line":203,"column":36}},"loc":{"start":{"line":203,"column":36},"end":{"line":203,"column":68}},"line":203},"22":{"name":"(anonymous_22)","decl":{"start":{"line":211,"column":31},"end":{"line":211,"column":36}},"loc":{"start":{"line":211,"column":36},"end":{"line":211,"column":68}},"line":211},"23":{"name":"(anonymous_23)","decl":{"start":{"line":232,"column":4},"end":{"line":232,"column":14}},"loc":{"start":{"line":232,"column":33},"end":{"line":252,"column":null}},"line":232},"24":{"name":"(anonymous_24)","decl":{"start":{"line":254,"column":4},"end":{"line":254,"column":13}},"loc":{"start":{"line":254,"column":51},"end":{"line":269,"column":null}},"line":254},"25":{"name":"(anonymous_25)","decl":{"start":{"line":271,"column":4},"end":{"line":271,"column":19}},"loc":{"start":{"line":271,"column":59},"end":{"line":290,"column":null}},"line":271},"26":{"name":"(anonymous_26)","decl":{"start":{"line":294,"column":4},"end":{"line":294,"column":26}},"loc":{"start":{"line":294,"column":53},"end":{"line":307,"column":null}},"line":294},"27":{"name":"(anonymous_27)","decl":{"start":{"line":309,"column":4},"end":{"line":309,"column":15}},"loc":{"start":{"line":309,"column":34},"end":{"line":336,"column":null}},"line":309},"28":{"name":"(anonymous_28)","decl":{"start":{"line":338,"column":4},"end":{"line":338,"column":28}},"loc":{"start":{"line":338,"column":55},"end":{"line":355,"column":null}},"line":338},"29":{"name":"(anonymous_29)","decl":{"start":{"line":357,"column":4},"end":{"line":357,"column":11}},"loc":{"start":{"line":357,"column":38},"end":{"line":405,"column":null}},"line":357},"30":{"name":"(anonymous_30)","decl":{"start":{"line":376,"column":35},"end":{"line":376,"column":43}},"loc":{"start":{"line":376,"column":43},"end":{"line":384,"column":9}},"line":376},"31":{"name":"(anonymous_31)","decl":{"start":{"line":407,"column":4},"end":{"line":407,"column":17}},"loc":{"start":{"line":407,"column":39},"end":{"line":467,"column":null}},"line":407},"32":{"name":"(anonymous_32)","decl":{"start":{"line":418,"column":70},"end":{"line":418,"column":null}},"loc":{"start":{"line":419,"column":16},"end":{"line":419,"column":null}},"line":419},"33":{"name":"(anonymous_33)","decl":{"start":{"line":447,"column":38},"end":{"line":447,"column":46}},"loc":{"start":{"line":447,"column":46},"end":{"line":455,"column":13}},"line":447},"34":{"name":"(anonymous_34)","decl":{"start":{"line":469,"column":12},"end":{"line":469,"column":26}},"loc":{"start":{"line":469,"column":75},"end":{"line":495,"column":null}},"line":469},"35":{"name":"(anonymous_35)","decl":{"start":{"line":497,"column":12},"end":{"line":497,"column":23}},"loc":{"start":{"line":497,"column":61},"end":{"line":499,"column":null}},"line":497},"36":{"name":"(anonymous_36)","decl":{"start":{"line":501,"column":12},"end":{"line":501,"column":32}},"loc":{"start":{"line":501,"column":61},"end":{"line":519,"column":null}},"line":501},"37":{"name":"(anonymous_37)","decl":{"start":{"line":514,"column":27},"end":{"line":514,"column":32}},"loc":{"start":{"line":514,"column":32},"end":{"line":516,"column":9}},"line":514},"38":{"name":"(anonymous_38)","decl":{"start":{"line":521,"column":12},"end":{"line":521,"column":28}},"loc":{"start":{"line":521,"column":57},"end":{"line":532,"column":null}},"line":521},"39":{"name":"(anonymous_39)","decl":{"start":{"line":527,"column":27},"end":{"line":527,"column":32}},"loc":{"start":{"line":527,"column":32},"end":{"line":529,"column":9}},"line":527},"40":{"name":"(anonymous_40)","decl":{"start":{"line":534,"column":11},"end":{"line":534,"column":23}},"loc":{"start":{"line":534,"column":65},"end":{"line":551,"column":null}},"line":534},"41":{"name":"(anonymous_41)","decl":{"start":{"line":546,"column":31},"end":{"line":546,"column":36}},"loc":{"start":{"line":546,"column":36},"end":{"line":546,"column":56}},"line":546},"42":{"name":"(anonymous_42)","decl":{"start":{"line":553,"column":11},"end":{"line":553,"column":33}},"loc":{"start":{"line":553,"column":33},"end":{"line":565,"column":null}},"line":553},"43":{"name":"(anonymous_43)","decl":{"start":{"line":554,"column":35},"end":{"line":554,"column":45}},"loc":{"start":{"line":554,"column":45},"end":{"line":564,"column":9}},"line":554},"44":{"name":"(anonymous_44)","decl":{"start":{"line":555,"column":37},"end":{"line":555,"column":38}},"loc":{"start":{"line":555,"column":52},"end":{"line":563,"column":13}},"line":555},"45":{"name":"(anonymous_45)","decl":{"start":{"line":567,"column":11},"end":{"line":567,"column":22}},"loc":{"start":{"line":567,"column":59},"end":{"line":604,"column":null}},"line":567},"46":{"name":"(anonymous_46)","decl":{"start":{"line":589,"column":50},"end":{"line":589,"column":55}},"loc":{"start":{"line":589,"column":55},"end":{"line":589,"column":73}},"line":589},"47":{"name":"(anonymous_47)","decl":{"start":{"line":606,"column":11},"end":{"line":606,"column":25}},"loc":{"start":{"line":606,"column":54},"end":{"line":624,"column":null}},"line":606},"48":{"name":"(anonymous_48)","decl":{"start":{"line":611,"column":45},"end":{"line":611,"column":55}},"loc":{"start":{"line":611,"column":55},"end":{"line":620,"column":13}},"line":611},"49":{"name":"(anonymous_49)","decl":{"start":{"line":626,"column":11},"end":{"line":626,"column":24}},"loc":{"start":{"line":626,"column":74},"end":{"line":685,"column":null}},"line":626},"50":{"name":"(anonymous_50)","decl":{"start":{"line":631,"column":27},"end":{"line":631,"column":35}},"loc":{"start":{"line":631,"column":35},"end":{"line":635,"column":9}},"line":631},"51":{"name":"(anonymous_51)","decl":{"start":{"line":641,"column":35},"end":{"line":641,"column":40}},"loc":{"start":{"line":641,"column":40},"end":{"line":647,"column":9}},"line":641},"52":{"name":"(anonymous_52)","decl":{"start":{"line":642,"column":32},"end":{"line":642,"column":37}},"loc":{"start":{"line":642,"column":37},"end":{"line":645,"column":13}},"line":642},"53":{"name":"(anonymous_53)","decl":{"start":{"line":644,"column":32},"end":{"line":644,"column":40}},"loc":{"start":{"line":644,"column":40},"end":{"line":644,"column":99}},"line":644},"54":{"name":"(anonymous_54)","decl":{"start":{"line":649,"column":36},"end":{"line":649,"column":46}},"loc":{"start":{"line":649,"column":46},"end":{"line":682,"column":9}},"line":649},"55":{"name":"(anonymous_55)","decl":{"start":{"line":651,"column":44},"end":{"line":651,"column":54}},"loc":{"start":{"line":651,"column":54},"end":{"line":680,"column":17}},"line":651},"56":{"name":"(anonymous_56)","decl":{"start":{"line":655,"column":62},"end":{"line":655,"column":67}},"loc":{"start":{"line":655,"column":67},"end":{"line":655,"column":85}},"line":655},"57":{"name":"(anonymous_57)","decl":{"start":{"line":687,"column":11},"end":{"line":687,"column":22}},"loc":{"start":{"line":687,"column":72},"end":{"line":732,"column":null}},"line":687},"58":{"name":"(anonymous_58)","decl":{"start":{"line":692,"column":27},"end":{"line":692,"column":35}},"loc":{"start":{"line":692,"column":35},"end":{"line":696,"column":9}},"line":692},"59":{"name":"(anonymous_59)","decl":{"start":{"line":700,"column":35},"end":{"line":700,"column":40}},"loc":{"start":{"line":700,"column":40},"end":{"line":706,"column":9}},"line":700},"60":{"name":"(anonymous_60)","decl":{"start":{"line":701,"column":32},"end":{"line":701,"column":37}},"loc":{"start":{"line":701,"column":37},"end":{"line":704,"column":13}},"line":701},"61":{"name":"(anonymous_61)","decl":{"start":{"line":703,"column":32},"end":{"line":703,"column":40}},"loc":{"start":{"line":703,"column":40},"end":{"line":703,"column":99}},"line":703},"62":{"name":"(anonymous_62)","decl":{"start":{"line":708,"column":36},"end":{"line":708,"column":46}},"loc":{"start":{"line":708,"column":46},"end":{"line":729,"column":9}},"line":708},"63":{"name":"(anonymous_63)","decl":{"start":{"line":710,"column":44},"end":{"line":710,"column":54}},"loc":{"start":{"line":710,"column":54},"end":{"line":727,"column":17}},"line":710},"64":{"name":"(anonymous_64)","decl":{"start":{"line":714,"column":62},"end":{"line":714,"column":67}},"loc":{"start":{"line":714,"column":67},"end":{"line":714,"column":85}},"line":714},"65":{"name":"(anonymous_65)","decl":{"start":{"line":735,"column":11},"end":{"line":735,"column":24}},"loc":{"start":{"line":735,"column":68},"end":{"line":776,"column":null}},"line":735}},"branchMap":{"0":{"loc":{"start":{"line":72,"column":34},"end":{"line":72,"column":74}},"type":"cond-expr","locations":[{"start":{"line":72,"column":69},"end":{"line":72,"column":73}},{"start":{"line":72,"column":73},"end":{"line":72,"column":74}}],"line":72},"1":{"loc":{"start":{"line":75,"column":34},"end":{"line":75,"column":53}},"type":"default-arg","locations":[{"start":{"line":75,"column":50},"end":{"line":75,"column":53}}],"line":75},"2":{"loc":{"start":{"line":78,"column":12},"end":{"line":81,"column":null}},"type":"if","locations":[{"start":{"line":78,"column":12},"end":{"line":81,"column":null}},{"start":{},"end":{}}],"line":78},"3":{"loc":{"start":{"line":79,"column":55},"end":{"line":79,"column":80}},"type":"cond-expr","locations":[{"start":{"line":79,"column":75},"end":{"line":79,"column":79}},{"start":{"line":79,"column":79},"end":{"line":79,"column":80}}],"line":79},"4":{"loc":{"start":{"line":88,"column":8},"end":{"line":88,"column":null}},"type":"if","locations":[{"start":{"line":88,"column":8},"end":{"line":88,"column":null}},{"start":{},"end":{}}],"line":88},"5":{"loc":{"start":{"line":90,"column":8},"end":{"line":114,"column":null}},"type":"switch","locations":[{"start":{"line":91,"column":12},"end":{"line":94,"column":null}},{"start":{"line":95,"column":12},"end":{"line":100,"column":null}},{"start":{"line":101,"column":12},"end":{"line":103,"column":null}},{"start":{"line":104,"column":12},"end":{"line":107,"column":null}},{"start":{"line":108,"column":12},"end":{"line":110,"column":null}},{"start":{"line":111,"column":12},"end":{"line":113,"column":null}}],"line":90},"6":{"loc":{"start":{"line":96,"column":16},"end":{"line":98,"column":null}},"type":"if","locations":[{"start":{"line":96,"column":16},"end":{"line":98,"column":null}},{"start":{},"end":{}}],"line":96},"7":{"loc":{"start":{"line":96,"column":22},"end":{"line":96,"column":87}},"type":"binary-expr","locations":[{"start":{"line":96,"column":22},"end":{"line":96,"column":52}},{"start":{"line":96,"column":52},"end":{"line":96,"column":87}}],"line":96},"8":{"loc":{"start":{"line":144,"column":37},"end":{"line":144,"column":null}},"type":"cond-expr","locations":[{"start":{"line":144,"column":72},"end":{"line":144,"column":76}},{"start":{"line":144,"column":76},"end":{"line":144,"column":null}}],"line":144},"9":{"loc":{"start":{"line":151,"column":8},"end":{"line":155,"column":null}},"type":"if","locations":[{"start":{"line":151,"column":8},"end":{"line":155,"column":null}},{"start":{},"end":{}}],"line":151},"10":{"loc":{"start":{"line":160,"column":8},"end":{"line":176,"column":null}},"type":"if","locations":[{"start":{"line":160,"column":8},"end":{"line":176,"column":null}},{"start":{},"end":{}}],"line":160},"11":{"loc":{"start":{"line":160,"column":12},"end":{"line":160,"column":62}},"type":"binary-expr","locations":[{"start":{"line":160,"column":12},"end":{"line":160,"column":32}},{"start":{"line":160,"column":32},"end":{"line":160,"column":62}}],"line":160},"12":{"loc":{"start":{"line":162,"column":12},"end":{"line":175,"column":null}},"type":"if","locations":[{"start":{"line":162,"column":12},"end":{"line":175,"column":null}},{"start":{},"end":{}}],"line":162},"13":{"loc":{"start":{"line":164,"column":16},"end":{"line":174,"column":null}},"type":"if","locations":[{"start":{"line":164,"column":16},"end":{"line":174,"column":null}},{"start":{},"end":{}}],"line":164},"14":{"loc":{"start":{"line":167,"column":53},"end":{"line":167,"column":78}},"type":"cond-expr","locations":[{"start":{"line":167,"column":73},"end":{"line":167,"column":77}},{"start":{"line":167,"column":77},"end":{"line":167,"column":78}}],"line":167},"15":{"loc":{"start":{"line":171,"column":20},"end":{"line":173,"column":null}},"type":"if","locations":[{"start":{"line":171,"column":20},"end":{"line":173,"column":null}},{"start":{},"end":{}}],"line":171},"16":{"loc":{"start":{"line":181,"column":8},"end":{"line":184,"column":null}},"type":"if","locations":[{"start":{"line":181,"column":8},"end":{"line":184,"column":null}},{"start":{},"end":{}}],"line":181},"17":{"loc":{"start":{"line":190,"column":8},"end":{"line":193,"column":null}},"type":"if","locations":[{"start":{"line":190,"column":8},"end":{"line":193,"column":null}},{"start":{},"end":{}}],"line":190},"18":{"loc":{"start":{"line":199,"column":8},"end":{"line":206,"column":null}},"type":"if","locations":[{"start":{"line":199,"column":8},"end":{"line":206,"column":null}},{"start":{},"end":{}}],"line":199},"19":{"loc":{"start":{"line":208,"column":8},"end":{"line":214,"column":null}},"type":"if","locations":[{"start":{"line":208,"column":8},"end":{"line":214,"column":null}},{"start":{},"end":{}}],"line":208},"20":{"loc":{"start":{"line":208,"column":12},"end":{"line":208,"column":36}},"type":"binary-expr","locations":[{"start":{"line":208,"column":12},"end":{"line":208,"column":25}},{"start":{"line":208,"column":25},"end":{"line":208,"column":36}}],"line":208},"21":{"loc":{"start":{"line":234,"column":8},"end":{"line":237,"column":null}},"type":"if","locations":[{"start":{"line":234,"column":8},"end":{"line":237,"column":null}},{"start":{},"end":{}}],"line":234},"22":{"loc":{"start":{"line":256,"column":8},"end":{"line":259,"column":null}},"type":"if","locations":[{"start":{"line":256,"column":8},"end":{"line":259,"column":null}},{"start":{},"end":{}}],"line":256},"23":{"loc":{"start":{"line":274,"column":8},"end":{"line":274,"column":null}},"type":"if","locations":[{"start":{"line":274,"column":8},"end":{"line":274,"column":null}},{"start":{},"end":{}}],"line":274},"24":{"loc":{"start":{"line":274,"column":12},"end":{"line":274,"column":71}},"type":"binary-expr","locations":[{"start":{"line":274,"column":12},"end":{"line":274,"column":21}},{"start":{"line":274,"column":21},"end":{"line":274,"column":38}},{"start":{"line":274,"column":38},"end":{"line":274,"column":71}}],"line":274},"25":{"loc":{"start":{"line":277,"column":8},"end":{"line":277,"column":null}},"type":"if","locations":[{"start":{"line":277,"column":8},"end":{"line":277,"column":null}},{"start":{},"end":{}}],"line":277},"26":{"loc":{"start":{"line":287,"column":8},"end":{"line":289,"column":null}},"type":"if","locations":[{"start":{"line":287,"column":8},"end":{"line":289,"column":null}},{"start":{},"end":{}}],"line":287},"27":{"loc":{"start":{"line":310,"column":8},"end":{"line":310,"column":null}},"type":"if","locations":[{"start":{"line":310,"column":8},"end":{"line":310,"column":null}},{"start":{},"end":{}}],"line":310},"28":{"loc":{"start":{"line":310,"column":12},"end":{"line":310,"column":87}},"type":"binary-expr","locations":[{"start":{"line":310,"column":12},"end":{"line":310,"column":60}},{"start":{"line":310,"column":60},"end":{"line":310,"column":87}}],"line":310},"29":{"loc":{"start":{"line":315,"column":8},"end":{"line":324,"column":null}},"type":"if","locations":[{"start":{"line":315,"column":8},"end":{"line":324,"column":null}},{"start":{"line":319,"column":8},"end":{"line":324,"column":null}}],"line":315},"30":{"loc":{"start":{"line":319,"column":8},"end":{"line":324,"column":null}},"type":"if","locations":[{"start":{"line":319,"column":8},"end":{"line":324,"column":null}},{"start":{},"end":{}}],"line":319},"31":{"loc":{"start":{"line":359,"column":8},"end":{"line":362,"column":null}},"type":"if","locations":[{"start":{"line":359,"column":8},"end":{"line":362,"column":null}},{"start":{},"end":{}}],"line":359},"32":{"loc":{"start":{"line":391,"column":26},"end":{"line":391,"column":null}},"type":"binary-expr","locations":[{"start":{"line":391,"column":26},"end":{"line":391,"column":47}},{"start":{"line":391,"column":47},"end":{"line":391,"column":null}}],"line":391},"33":{"loc":{"start":{"line":393,"column":8},"end":{"line":404,"column":null}},"type":"if","locations":[{"start":{"line":393,"column":8},"end":{"line":404,"column":null}},{"start":{"line":401,"column":15},"end":{"line":404,"column":null}}],"line":393},"34":{"loc":{"start":{"line":408,"column":8},"end":{"line":408,"column":null}},"type":"if","locations":[{"start":{"line":408,"column":8},"end":{"line":408,"column":null}},{"start":{},"end":{}}],"line":408},"35":{"loc":{"start":{"line":408,"column":12},"end":{"line":408,"column":90}},"type":"binary-expr","locations":[{"start":{"line":408,"column":12},"end":{"line":408,"column":48}},{"start":{"line":408,"column":48},"end":{"line":408,"column":90}}],"line":408},"36":{"loc":{"start":{"line":417,"column":8},"end":{"line":428,"column":null}},"type":"if","locations":[{"start":{"line":417,"column":8},"end":{"line":428,"column":null}},{"start":{},"end":{}}],"line":417},"37":{"loc":{"start":{"line":417,"column":12},"end":{"line":417,"column":95}},"type":"binary-expr","locations":[{"start":{"line":417,"column":12},"end":{"line":417,"column":27}},{"start":{"line":417,"column":27},"end":{"line":417,"column":47}},{"start":{"line":417,"column":47},"end":{"line":417,"column":68}},{"start":{"line":417,"column":68},"end":{"line":417,"column":95}}],"line":417},"38":{"loc":{"start":{"line":419,"column":16},"end":{"line":419,"column":null}},"type":"binary-expr","locations":[{"start":{"line":419,"column":16},"end":{"line":419,"column":65}},{"start":{"line":419,"column":65},"end":{"line":419,"column":null}}],"line":419},"39":{"loc":{"start":{"line":421,"column":12},"end":{"line":427,"column":null}},"type":"if","locations":[{"start":{"line":421,"column":12},"end":{"line":427,"column":null}},{"start":{},"end":{}}],"line":421},"40":{"loc":{"start":{"line":423,"column":16},"end":{"line":426,"column":null}},"type":"if","locations":[{"start":{"line":423,"column":16},"end":{"line":426,"column":null}},{"start":{},"end":{}}],"line":423},"41":{"loc":{"start":{"line":423,"column":20},"end":{"line":423,"column":79}},"type":"binary-expr","locations":[{"start":{"line":423,"column":20},"end":{"line":423,"column":45}},{"start":{"line":423,"column":45},"end":{"line":423,"column":79}}],"line":423},"42":{"loc":{"start":{"line":431,"column":26},"end":{"line":431,"column":null}},"type":"binary-expr","locations":[{"start":{"line":431,"column":26},"end":{"line":431,"column":47}},{"start":{"line":431,"column":47},"end":{"line":431,"column":null}}],"line":431},"43":{"loc":{"start":{"line":433,"column":8},"end":{"line":435,"column":null}},"type":"if","locations":[{"start":{"line":433,"column":8},"end":{"line":435,"column":null}},{"start":{},"end":{}}],"line":433},"44":{"loc":{"start":{"line":433,"column":12},"end":{"line":433,"column":43}},"type":"binary-expr","locations":[{"start":{"line":433,"column":12},"end":{"line":433,"column":25}},{"start":{"line":433,"column":25},"end":{"line":433,"column":43}}],"line":433},"45":{"loc":{"start":{"line":437,"column":8},"end":{"line":462,"column":null}},"type":"if","locations":[{"start":{"line":437,"column":8},"end":{"line":462,"column":null}},{"start":{"line":459,"column":15},"end":{"line":462,"column":null}}],"line":437},"46":{"loc":{"start":{"line":437,"column":12},"end":{"line":437,"column":50}},"type":"binary-expr","locations":[{"start":{"line":437,"column":12},"end":{"line":437,"column":32}},{"start":{"line":437,"column":32},"end":{"line":437,"column":50}}],"line":437},"47":{"loc":{"start":{"line":476,"column":8},"end":{"line":490,"column":null}},"type":"if","locations":[{"start":{"line":476,"column":8},"end":{"line":490,"column":null}},{"start":{},"end":{}}],"line":476},"48":{"loc":{"start":{"line":481,"column":12},"end":{"line":483,"column":null}},"type":"if","locations":[{"start":{"line":481,"column":12},"end":{"line":483,"column":null}},{"start":{},"end":{}}],"line":481},"49":{"loc":{"start":{"line":487,"column":12},"end":{"line":489,"column":null}},"type":"if","locations":[{"start":{"line":487,"column":12},"end":{"line":489,"column":null}},{"start":{},"end":{}}],"line":487},"50":{"loc":{"start":{"line":492,"column":8},"end":{"line":494,"column":null}},"type":"if","locations":[{"start":{"line":492,"column":8},"end":{"line":494,"column":null}},{"start":{},"end":{}}],"line":492},"51":{"loc":{"start":{"line":498,"column":15},"end":{"line":498,"column":null}},"type":"binary-expr","locations":[{"start":{"line":498,"column":15},"end":{"line":498,"column":51}},{"start":{"line":498,"column":51},"end":{"line":498,"column":null}}],"line":498},"52":{"loc":{"start":{"line":502,"column":8},"end":{"line":502,"column":null}},"type":"if","locations":[{"start":{"line":502,"column":8},"end":{"line":502,"column":null}},{"start":{},"end":{}}],"line":502},"53":{"loc":{"start":{"line":509,"column":8},"end":{"line":511,"column":null}},"type":"if","locations":[{"start":{"line":509,"column":8},"end":{"line":511,"column":null}},{"start":{},"end":{}}],"line":509},"54":{"loc":{"start":{"line":510,"column":36},"end":{"line":510,"column":54}},"type":"binary-expr","locations":[{"start":{"line":510,"column":36},"end":{"line":510,"column":53}},{"start":{"line":510,"column":53},"end":{"line":510,"column":54}}],"line":510},"55":{"loc":{"start":{"line":515,"column":12},"end":{"line":515,"column":null}},"type":"if","locations":[{"start":{"line":515,"column":12},"end":{"line":515,"column":null}},{"start":{},"end":{}}],"line":515},"56":{"loc":{"start":{"line":522,"column":8},"end":{"line":522,"column":null}},"type":"if","locations":[{"start":{"line":522,"column":8},"end":{"line":522,"column":null}},{"start":{},"end":{}}],"line":522},"57":{"loc":{"start":{"line":525,"column":8},"end":{"line":525,"column":null}},"type":"if","locations":[{"start":{"line":525,"column":8},"end":{"line":525,"column":null}},{"start":{},"end":{}}],"line":525},"58":{"loc":{"start":{"line":528,"column":12},"end":{"line":528,"column":null}},"type":"if","locations":[{"start":{"line":528,"column":12},"end":{"line":528,"column":null}},{"start":{},"end":{}}],"line":528},"59":{"loc":{"start":{"line":535,"column":8},"end":{"line":550,"column":null}},"type":"if","locations":[{"start":{"line":535,"column":8},"end":{"line":550,"column":null}},{"start":{},"end":{}}],"line":535},"60":{"loc":{"start":{"line":540,"column":26},"end":{"line":540,"column":null}},"type":"cond-expr","locations":[{"start":{"line":540,"column":61},"end":{"line":540,"column":85}},{"start":{"line":540,"column":85},"end":{"line":540,"column":null}}],"line":540},"61":{"loc":{"start":{"line":556,"column":16},"end":{"line":562,"column":null}},"type":"if","locations":[{"start":{"line":556,"column":16},"end":{"line":562,"column":null}},{"start":{},"end":{}}],"line":556},"62":{"loc":{"start":{"line":558,"column":20},"end":{"line":561,"column":null}},"type":"if","locations":[{"start":{"line":558,"column":20},"end":{"line":561,"column":null}},{"start":{},"end":{}}],"line":558},"63":{"loc":{"start":{"line":576,"column":12},"end":{"line":579,"column":null}},"type":"if","locations":[{"start":{"line":576,"column":12},"end":{"line":579,"column":null}},{"start":{},"end":{}}],"line":576},"64":{"loc":{"start":{"line":593,"column":12},"end":{"line":596,"column":null}},"type":"if","locations":[{"start":{"line":593,"column":12},"end":{"line":596,"column":null}},{"start":{},"end":{}}],"line":593},"65":{"loc":{"start":{"line":599,"column":12},"end":{"line":602,"column":null}},"type":"if","locations":[{"start":{"line":599,"column":12},"end":{"line":602,"column":null}},{"start":{},"end":{}}],"line":599},"66":{"loc":{"start":{"line":610,"column":8},"end":{"line":621,"column":null}},"type":"if","locations":[{"start":{"line":610,"column":8},"end":{"line":621,"column":null}},{"start":{},"end":{}}],"line":610},"67":{"loc":{"start":{"line":610,"column":12},"end":{"line":610,"column":58}},"type":"binary-expr","locations":[{"start":{"line":610,"column":12},"end":{"line":610,"column":32}},{"start":{"line":610,"column":32},"end":{"line":610,"column":58}}],"line":610},"68":{"loc":{"start":{"line":612,"column":16},"end":{"line":619,"column":null}},"type":"if","locations":[{"start":{"line":612,"column":16},"end":{"line":619,"column":null}},{"start":{},"end":{}}],"line":612},"69":{"loc":{"start":{"line":612,"column":20},"end":{"line":612,"column":118}},"type":"binary-expr","locations":[{"start":{"line":612,"column":20},"end":{"line":612,"column":73}},{"start":{"line":612,"column":73},"end":{"line":612,"column":118}}],"line":612},"70":{"loc":{"start":{"line":615,"column":20},"end":{"line":618,"column":null}},"type":"if","locations":[{"start":{"line":615,"column":20},"end":{"line":618,"column":null}},{"start":{},"end":{}}],"line":615},"71":{"loc":{"start":{"line":617,"column":33},"end":{"line":617,"column":null}},"type":"binary-expr","locations":[{"start":{"line":617,"column":33},"end":{"line":617,"column":63}},{"start":{"line":617,"column":63},"end":{"line":617,"column":null}}],"line":617},"72":{"loc":{"start":{"line":627,"column":8},"end":{"line":627,"column":null}},"type":"if","locations":[{"start":{"line":627,"column":8},"end":{"line":627,"column":null}},{"start":{},"end":{}}],"line":627},"73":{"loc":{"start":{"line":628,"column":20},"end":{"line":628,"column":null}},"type":"binary-expr","locations":[{"start":{"line":628,"column":20},"end":{"line":628,"column":39}},{"start":{"line":628,"column":39},"end":{"line":628,"column":null}}],"line":628},"74":{"loc":{"start":{"line":632,"column":12},"end":{"line":634,"column":null}},"type":"if","locations":[{"start":{"line":632,"column":12},"end":{"line":634,"column":null}},{"start":{},"end":{}}],"line":632},"75":{"loc":{"start":{"line":643,"column":16},"end":{"line":643,"column":null}},"type":"if","locations":[{"start":{"line":643,"column":16},"end":{"line":643,"column":null}},{"start":{},"end":{}}],"line":643},"76":{"loc":{"start":{"line":646,"column":12},"end":{"line":646,"column":null}},"type":"if","locations":[{"start":{"line":646,"column":12},"end":{"line":646,"column":null}},{"start":{},"end":{}}],"line":646},"77":{"loc":{"start":{"line":650,"column":12},"end":{"line":681,"column":null}},"type":"if","locations":[{"start":{"line":650,"column":12},"end":{"line":681,"column":null}},{"start":{},"end":{}}],"line":650},"78":{"loc":{"start":{"line":652,"column":20},"end":{"line":679,"column":null}},"type":"if","locations":[{"start":{"line":652,"column":20},"end":{"line":679,"column":null}},{"start":{},"end":{}}],"line":652},"79":{"loc":{"start":{"line":652,"column":24},"end":{"line":652,"column":114}},"type":"binary-expr","locations":[{"start":{"line":652,"column":24},"end":{"line":652,"column":77}},{"start":{"line":652,"column":77},"end":{"line":652,"column":114}}],"line":652},"80":{"loc":{"start":{"line":662,"column":24},"end":{"line":662,"column":null}},"type":"if","locations":[{"start":{"line":662,"column":24},"end":{"line":662,"column":null}},{"start":{},"end":{}}],"line":662},"81":{"loc":{"start":{"line":665,"column":24},"end":{"line":668,"column":null}},"type":"if","locations":[{"start":{"line":665,"column":24},"end":{"line":668,"column":null}},{"start":{},"end":{}}],"line":665},"82":{"loc":{"start":{"line":665,"column":28},"end":{"line":665,"column":93}},"type":"binary-expr","locations":[{"start":{"line":665,"column":28},"end":{"line":665,"column":68}},{"start":{"line":665,"column":68},"end":{"line":665,"column":93}}],"line":665},"83":{"loc":{"start":{"line":667,"column":28},"end":{"line":667,"column":null}},"type":"if","locations":[{"start":{"line":667,"column":28},"end":{"line":667,"column":null}},{"start":{},"end":{}}],"line":667},"84":{"loc":{"start":{"line":671,"column":24},"end":{"line":678,"column":null}},"type":"if","locations":[{"start":{"line":671,"column":24},"end":{"line":678,"column":null}},{"start":{},"end":{}}],"line":671},"85":{"loc":{"start":{"line":672,"column":43},"end":{"line":672,"column":null}},"type":"binary-expr","locations":[{"start":{"line":672,"column":43},"end":{"line":672,"column":67}},{"start":{"line":672,"column":67},"end":{"line":672,"column":null}}],"line":672},"86":{"loc":{"start":{"line":673,"column":40},"end":{"line":673,"column":null}},"type":"binary-expr","locations":[{"start":{"line":673,"column":40},"end":{"line":673,"column":56}},{"start":{"line":673,"column":56},"end":{"line":673,"column":null}}],"line":673},"87":{"loc":{"start":{"line":674,"column":28},"end":{"line":676,"column":null}},"type":"if","locations":[{"start":{"line":674,"column":28},"end":{"line":676,"column":null}},{"start":{},"end":{}}],"line":674},"88":{"loc":{"start":{"line":688,"column":8},"end":{"line":688,"column":null}},"type":"if","locations":[{"start":{"line":688,"column":8},"end":{"line":688,"column":null}},{"start":{},"end":{}}],"line":688},"89":{"loc":{"start":{"line":689,"column":18},"end":{"line":689,"column":null}},"type":"binary-expr","locations":[{"start":{"line":689,"column":18},"end":{"line":689,"column":35}},{"start":{"line":689,"column":35},"end":{"line":689,"column":null}}],"line":689},"90":{"loc":{"start":{"line":693,"column":12},"end":{"line":695,"column":null}},"type":"if","locations":[{"start":{"line":693,"column":12},"end":{"line":695,"column":null}},{"start":{},"end":{}}],"line":693},"91":{"loc":{"start":{"line":702,"column":16},"end":{"line":702,"column":null}},"type":"if","locations":[{"start":{"line":702,"column":16},"end":{"line":702,"column":null}},{"start":{},"end":{}}],"line":702},"92":{"loc":{"start":{"line":705,"column":12},"end":{"line":705,"column":null}},"type":"if","locations":[{"start":{"line":705,"column":12},"end":{"line":705,"column":null}},{"start":{},"end":{}}],"line":705},"93":{"loc":{"start":{"line":709,"column":12},"end":{"line":728,"column":null}},"type":"if","locations":[{"start":{"line":709,"column":12},"end":{"line":728,"column":null}},{"start":{},"end":{}}],"line":709},"94":{"loc":{"start":{"line":711,"column":20},"end":{"line":726,"column":null}},"type":"if","locations":[{"start":{"line":711,"column":20},"end":{"line":726,"column":null}},{"start":{},"end":{}}],"line":711},"95":{"loc":{"start":{"line":711,"column":24},"end":{"line":711,"column":112}},"type":"binary-expr","locations":[{"start":{"line":711,"column":24},"end":{"line":711,"column":77}},{"start":{"line":711,"column":77},"end":{"line":711,"column":112}}],"line":711},"96":{"loc":{"start":{"line":720,"column":24},"end":{"line":720,"column":null}},"type":"if","locations":[{"start":{"line":720,"column":24},"end":{"line":720,"column":null}},{"start":{},"end":{}}],"line":720},"97":{"loc":{"start":{"line":722,"column":24},"end":{"line":725,"column":null}},"type":"if","locations":[{"start":{"line":722,"column":24},"end":{"line":725,"column":null}},{"start":{},"end":{}}],"line":722},"98":{"loc":{"start":{"line":723,"column":43},"end":{"line":723,"column":null}},"type":"binary-expr","locations":[{"start":{"line":723,"column":43},"end":{"line":723,"column":67}},{"start":{"line":723,"column":67},"end":{"line":723,"column":null}}],"line":723},"99":{"loc":{"start":{"line":724,"column":36},"end":{"line":724,"column":null}},"type":"binary-expr","locations":[{"start":{"line":724,"column":36},"end":{"line":724,"column":52}},{"start":{"line":724,"column":52},"end":{"line":724,"column":null}}],"line":724},"100":{"loc":{"start":{"line":736,"column":8},"end":{"line":736,"column":null}},"type":"if","locations":[{"start":{"line":736,"column":8},"end":{"line":736,"column":null}},{"start":{},"end":{}}],"line":736},"101":{"loc":{"start":{"line":736,"column":12},"end":{"line":736,"column":89}},"type":"binary-expr","locations":[{"start":{"line":736,"column":12},"end":{"line":736,"column":62}},{"start":{"line":736,"column":62},"end":{"line":736,"column":89}}],"line":736},"102":{"loc":{"start":{"line":744,"column":29},"end":{"line":744,"column":null}},"type":"cond-expr","locations":[{"start":{"line":744,"column":46},"end":{"line":744,"column":68}},{"start":{"line":744,"column":68},"end":{"line":744,"column":null}}],"line":744},"103":{"loc":{"start":{"line":749,"column":8},"end":{"line":752,"column":null}},"type":"if","locations":[{"start":{"line":749,"column":8},"end":{"line":752,"column":null}},{"start":{},"end":{}}],"line":749},"104":{"loc":{"start":{"line":755,"column":8},"end":{"line":762,"column":null}},"type":"if","locations":[{"start":{"line":755,"column":8},"end":{"line":762,"column":null}},{"start":{},"end":{}}],"line":755},"105":{"loc":{"start":{"line":758,"column":12},"end":{"line":761,"column":null}},"type":"if","locations":[{"start":{"line":758,"column":12},"end":{"line":761,"column":null}},{"start":{},"end":{}}],"line":758},"106":{"loc":{"start":{"line":758,"column":16},"end":{"line":758,"column":37}},"type":"binary-expr","locations":[{"start":{"line":758,"column":16},"end":{"line":758,"column":27}},{"start":{"line":758,"column":27},"end":{"line":758,"column":37}}],"line":758},"107":{"loc":{"start":{"line":766,"column":8},"end":{"line":768,"column":null}},"type":"if","locations":[{"start":{"line":766,"column":8},"end":{"line":768,"column":null}},{"start":{},"end":{}}],"line":766}},"s":{"0":3,"1":3,"2":3,"3":6,"4":240,"5":6,"6":6,"7":6,"8":6,"9":234,"10":234,"11":6,"12":3,"13":3,"14":12,"15":0,"16":6,"17":6,"18":6,"19":30,"20":0,"21":0,"22":30,"23":30,"24":0,"25":0,"26":0,"27":0,"28":0,"29":0,"30":0,"31":0,"32":0,"33":0,"34":0,"35":0,"36":0,"37":0,"38":0,"39":0,"40":0,"41":0,"42":0,"43":0,"44":0,"45":0,"46":0,"47":0,"48":0,"49":0,"50":0,"51":0,"52":0,"53":0,"54":0,"55":0,"56":0,"57":0,"58":0,"59":0,"60":0,"61":0,"62":0,"63":0,"64":0,"65":0,"66":0,"67":0,"68":0,"69":0,"70":0,"71":0,"72":0,"73":0,"74":0,"75":0,"76":0,"77":0,"78":0,"79":0,"80":0,"81":0,"82":0,"83":0,"84":0,"85":0,"86":0,"87":0,"88":0,"89":0,"90":0,"91":0,"92":0,"93":0,"94":0,"95":0,"96":0,"97":0,"98":0,"99":0,"100":0,"101":0,"102":0,"103":0,"104":0,"105":0,"106":0,"107":0,"108":0,"109":0,"110":0,"111":0,"112":0,"113":0,"114":0,"115":0,"116":0,"117":0,"118":0,"119":0,"120":0,"121":0,"122":0,"123":0,"124":0,"125":0,"126":0,"127":0,"128":0,"129":0,"130":0,"131":0,"132":0,"133":0,"134":0,"135":0,"136":0,"137":0,"138":0,"139":0,"140":0,"141":0,"142":0,"143":0,"144":0,"145":0,"146":0,"147":0,"148":0,"149":0,"150":0,"151":0,"152":0,"153":0,"154":0,"155":0,"156":0,"157":0,"158":0,"159":0,"160":0,"161":0,"162":0,"163":0,"164":0,"165":0,"166":0,"167":0,"168":0,"169":0,"170":0,"171":0,"172":0,"173":0,"174":0,"175":0,"176":0,"177":0,"178":0,"179":0,"180":0,"181":0,"182":0,"183":0,"184":0,"185":0,"186":0,"187":0,"188":0,"189":0,"190":0,"191":0,"192":0,"193":0,"194":0,"195":0,"196":0,"197":0,"198":0,"199":0,"200":0,"201":0,"202":0,"203":0,"204":0,"205":0,"206":0,"207":0,"208":0,"209":0,"210":0,"211":0,"212":0,"213":0,"214":0,"215":0,"216":0,"217":0,"218":0,"219":0,"220":0,"221":0,"222":0,"223":0,"224":0,"225":0,"226":0,"227":0,"228":0,"229":0,"230":0,"231":0,"232":0,"233":0,"234":0,"235":0,"236":0,"237":0,"238":0,"239":0,"240":0,"241":0,"242":0,"243":0,"244":0,"245":0,"246":0,"247":0,"248":0,"249":0,"250":0,"251":0,"252":0,"253":0,"254":0,"255":0,"256":0,"257":0,"258":0,"259":0,"260":0,"261":0,"262":0,"263":0,"264":0,"265":0,"266":0,"267":3,"268":3,"269":3,"270":6,"271":0,"272":0,"273":0,"274":3,"275":0,"276":0,"277":0,"278":0,"279":0,"280":0,"281":0,"282":0,"283":0,"284":0,"285":0,"286":0,"287":0,"288":0,"289":0,"290":0,"291":0,"292":0,"293":0,"294":0,"295":0,"296":0,"297":0,"298":0,"299":0,"300":0,"301":0,"302":0,"303":0,"304":0,"305":0,"306":0,"307":0,"308":0,"309":0,"310":0,"311":0,"312":0,"313":0,"314":0,"315":0,"316":0,"317":0,"318":0,"319":0,"320":0,"321":0,"322":0,"323":0,"324":0,"325":0,"326":0,"327":0,"328":0,"329":0,"330":0,"331":0,"332":0,"333":0,"334":0,"335":0,"336":0,"337":0,"338":0,"339":0,"340":0,"341":0,"342":0,"343":0,"344":0,"345":0,"346":0,"347":0,"348":0,"349":0,"350":0,"351":0,"352":0,"353":0,"354":0,"355":0,"356":0},"f":{"0":3,"1":6,"2":240,"3":6,"4":3,"5":12,"6":0,"7":6,"8":0,"9":0,"10":0,"11":0,"12":0,"13":0,"14":0,"15":0,"16":0,"17":0,"18":0,"19":0,"20":0,"21":0,"22":0,"23":0,"24":0,"25":0,"26":0,"27":0,"28":0,"29":0,"30":0,"31":0,"32":0,"33":0,"34":0,"35":0,"36":0,"37":0,"38":0,"39":0,"40":0,"41":0,"42":0,"43":0,"44":0,"45":0,"46":0,"47":3,"48":6,"49":0,"50":0,"51":0,"52":0,"53":0,"54":0,"55":0,"56":0,"57":0,"58":0,"59":0,"60":0,"61":0,"62":0,"63":0,"64":0,"65":0},"b":{"0":[0,0],"1":[6],"2":[0,30],"3":[0,0],"4":[0,0],"5":[0,0,0,0,0,0],"6":[0,0],"7":[0,0],"8":[0,0],"9":[0,0],"10":[0,0],"11":[0,0],"12":[0,0],"13":[0,0],"14":[0,0],"15":[0,0],"16":[0,0],"17":[0,0],"18":[0,0],"19":[0,0],"20":[0,0],"21":[0,0],"22":[0,0],"23":[0,0],"24":[0,0,0],"25":[0,0],"26":[0,0],"27":[0,0],"28":[0,0],"29":[0,0],"30":[0,0],"31":[0,0],"32":[0,0],"33":[0,0],"34":[0,0],"35":[0,0],"36":[0,0],"37":[0,0,0,0],"38":[0,0],"39":[0,0],"40":[0,0],"41":[0,0],"42":[0,0],"43":[0,0],"44":[0,0],"45":[0,0],"46":[0,0],"47":[0,0],"48":[0,0],"49":[0,0],"50":[0,0],"51":[0,0],"52":[0,0],"53":[0,0],"54":[0,0],"55":[0,0],"56":[0,0],"57":[0,0],"58":[0,0],"59":[0,0],"60":[0,0],"61":[0,0],"62":[0,0],"63":[0,0],"64":[0,0],"65":[0,0],"66":[3,0],"67":[3,3],"68":[0,6],"69":[6,3],"70":[0,0],"71":[0,0],"72":[0,0],"73":[0,0],"74":[0,0],"75":[0,0],"76":[0,0],"77":[0,0],"78":[0,0],"79":[0,0],"80":[0,0],"81":[0,0],"82":[0,0],"83":[0,0],"84":[0,0],"85":[0,0],"86":[0,0],"87":[0,0],"88":[0,0],"89":[0,0],"90":[0,0],"91":[0,0],"92":[0,0],"93":[0,0],"94":[0,0],"95":[0,0],"96":[0,0],"97":[0,0],"98":[0,0],"99":[0,0],"100":[0,0],"101":[0,0],"102":[0,0],"103":[0,0],"104":[0,0],"105":[0,0],"106":[0,0],"107":[0,0]},"meta":{"lastBranch":108,"lastFunction":66,"lastStatement":357,"seen":{"f:10:4:10:16":0,"s:11:8:11:Infinity":0,"s:12:8:24:Infinity":1,"s:25:8:25:Infinity":2,"f:28:12:28:25":1,"s:30:26:30:Infinity":3,"f:30:38:30:43":2,"s:30:43:30:69":4,"s:33:27:33:Infinity":5,"s:35:8:50:Infinity":6,"f:53:12:53:20":3,"s:54:8:57:Infinity":7,"s:54:21:54:38":8,"s:55:22:55:Infinity":9,"s:56:12:56:Infinity":10,"s:58:8:58:Infinity":11,"f:61:12:61:24":4,"s:63:8:63:Infinity":12,"s:64:8:64:Infinity":13,"f:67:8:67:37":5,"s:68:8:68:Infinity":14,"f:71:8:71:38":6,"s:72:8:72:Infinity":15,"b:72:69:72:73:72:73:72:74":0,"f:75:4:75:13":7,"b:75:50:75:53":1,"s:76:23:76:Infinity":16,"s:77:8:84:Infinity":17,"s:77:21:77:24":18,"b:78:12:81:Infinity:undefined:undefined:undefined:undefined":2,"s:78:12:81:Infinity":19,"s:79:16:79:Infinity":20,"b:79:75:79:79:79:79:79:80":3,"s:80:16:80:Infinity":21,"s:82:25:82:Infinity":22,"s:83:12:83:Infinity":23,"f:87:4:87:16":8,"b:88:8:88:Infinity:undefined:undefined:undefined:undefined":4,"s:88:8:88:Infinity":24,"s:88:31:88:Infinity":25,"b:91:12:94:Infinity:95:12:100:Infinity:101:12:103:Infinity:104:12:107:Infinity:108:12:110:Infinity:111:12:113:Infinity":5,"s:90:8:114:Infinity":26,"s:92:16:92:Infinity":27,"s:93:16:93:Infinity":28,"s:94:16:94:Infinity":29,"b:96:16:98:Infinity:undefined:undefined:undefined:undefined":6,"s:96:16:98:Infinity":30,"b:96:22:96:52:96:52:96:87":7,"s:97:20:97:Infinity":31,"s:99:16:99:Infinity":32,"s:100:16:100:Infinity":33,"s:102:16:102:Infinity":34,"s:103:16:103:Infinity":35,"s:105:16:105:Infinity":36,"s:106:16:106:Infinity":37,"s:107:16:107:Infinity":38,"s:109:16:109:Infinity":39,"s:110:16:110:Infinity":40,"s:112:16:112:Infinity":41,"s:113:16:113:Infinity":42,"f:117:12:117:23":9,"s:119:8:119:Infinity":43,"f:119:45:119:50":10,"s:119:50:119:82":44,"s:120:8:120:Infinity":45,"s:123:8:127:Infinity":46,"f:123:58:123:63":11,"s:124:12:126:Infinity":47,"f:124:32:124:37":12,"s:125:16:125:Infinity":48,"f:125:41:125:46":13,"s:125:46:125:71":49,"s:130:8:133:Infinity":50,"s:131:30:131:Infinity":51,"s:132:12:132:Infinity":52,"f:136:12:136:22":14,"s:137:8:142:Infinity":53,"f:137:45:137:50":15,"s:138:12:138:Infinity":54,"s:139:12:139:Infinity":55,"s:140:12:140:Infinity":56,"s:141:12:141:Infinity":57,"s:144:8:144:Infinity":58,"b:144:72:144:76:144:76:144:Infinity":8,"s:145:8:145:Infinity":59,"s:146:8:146:Infinity":60,"f:149:11:149:26":16,"s:150:23:150:Infinity":61,"b:151:8:155:Infinity:undefined:undefined:undefined:undefined":9,"s:151:8:155:Infinity":62,"s:152:12:152:Infinity":63,"s:153:12:153:Infinity":64,"s:154:12:154:Infinity":65,"f:158:11:158:26":17,"s:159:23:159:Infinity":66,"b:160:8:176:Infinity:undefined:undefined:undefined:undefined":10,"s:160:8:176:Infinity":67,"b:160:12:160:32:160:32:160:62":11,"s:161:27:161:Infinity":68,"b:162:12:175:Infinity:undefined:undefined:undefined:undefined":12,"s:162:12:175:Infinity":69,"s:163:37:163:Infinity":70,"f:163:57:163:62":18,"s:163:62:163:105":71,"b:164:16:174:Infinity:undefined:undefined:undefined:undefined":13,"s:164:16:174:Infinity":72,"s:165:36:170:Infinity":73,"b:167:73:167:77:167:77:167:78":14,"b:171:20:173:Infinity:undefined:undefined:undefined:undefined":15,"s:171:20:173:Infinity":74,"s:172:24:172:Infinity":75,"f:179:12:179:25":19,"s:180:23:180:Infinity":76,"b:181:8:184:Infinity:undefined:undefined:undefined:undefined":16,"s:181:8:184:Infinity":77,"s:182:12:182:Infinity":78,"s:183:12:183:Infinity":79,"f:188:4:188:13":20,"s:189:27:189:Infinity":80,"b:190:8:193:Infinity:undefined:undefined:undefined:undefined":17,"s:190:8:193:Infinity":81,"s:191:12:191:Infinity":82,"s:192:12:192:Infinity":83,"s:195:21:195:Infinity":84,"s:196:21:196:Infinity":85,"s:197:24:197:Infinity":86,"b:199:8:206:Infinity:undefined:undefined:undefined:undefined":18,"s:199:8:206:Infinity":87,"s:200:12:200:Infinity":88,"s:202:12:202:Infinity":89,"s:203:12:203:Infinity":90,"f:203:31:203:36":21,"s:203:36:203:68":91,"s:204:12:204:Infinity":92,"s:205:12:205:Infinity":93,"b:208:8:214:Infinity:undefined:undefined:undefined:undefined":19,"s:208:8:214:Infinity":94,"b:208:12:208:25:208:25:208:36":20,"s:210:12:210:Infinity":95,"s:211:12:211:Infinity":96,"f:211:31:211:36":22,"s:211:36:211:68":97,"s:212:12:212:Infinity":98,"s:213:12:213:Infinity":99,"s:217:8:217:Infinity":100,"s:218:8:218:Infinity":101,"s:219:8:219:Infinity":102,"s:220:8:220:Infinity":103,"s:223:8:229:Infinity":104,"f:232:4:232:14":23,"s:233:27:233:Infinity":105,"b:234:8:237:Infinity:undefined:undefined:undefined:undefined":21,"s:234:8:237:Infinity":106,"s:235:12:235:Infinity":107,"s:236:12:236:Infinity":108,"s:239:21:239:Infinity":109,"s:242:8:242:Infinity":110,"s:243:8:243:Infinity":111,"s:246:8:251:Infinity":112,"f:254:4:254:13":24,"s:255:27:255:Infinity":113,"b:256:8:259:Infinity:undefined:undefined:undefined:undefined":22,"s:256:8:259:Infinity":114,"s:257:12:257:Infinity":115,"s:258:12:258:Infinity":116,"s:261:21:261:Infinity":117,"s:262:21:262:Infinity":118,"s:265:8:265:Infinity":119,"s:266:8:266:Infinity":120,"s:268:8:268:Infinity":121,"f:271:4:271:19":25,"s:272:21:272:Infinity":122,"s:273:21:273:Infinity":123,"b:274:8:274:Infinity:undefined:undefined:undefined:undefined":23,"s:274:8:274:Infinity":124,"b:274:12:274:21:274:21:274:38:274:38:274:71":24,"s:274:71:274:Infinity":125,"s:276:23:276:Infinity":126,"b:277:8:277:Infinity:undefined:undefined:undefined:undefined":25,"s:277:8:277:Infinity":1
[...]
":{"line":19,"column":55},"end":{"line":25,"column":9}},"line":19},"3":{"name":"(anonymous_3)","decl":{"start":{"line":30,"column":11},"end":{"line":30,"column":25}},"loc":{"start":{"line":30,"column":72},"end":{"line":71,"column":null}},"line":30},"4":{"name":"(anonymous_4)","decl":{"start":{"line":73,"column":11},"end":{"line":73,"column":25}},"loc":{"start":{"line":73,"column":84},"end":{"line":88,"column":null}},"line":73},"5":{"name":"(anonymous_5)","decl":{"start":{"line":90,"column":11},"end":{"line":90,"column":26}},"loc":{"start":{"line":90,"column":73},"end":{"line":117,"column":null}},"line":90},"6":{"name":"(anonymous_6)","decl":{"start":{"line":119,"column":12},"end":{"line":119,"column":31}},"loc":{"start":{"line":119,"column":94},"end":{"line":122,"column":null}},"line":119}},"branchMap":{"0":{"loc":{"start":{"line":17,"column":8},"end":{"line":17,"column":null}},"type":"if","locations":[{"start":{"line":17,"column":8},"end":{"line":17,"column":null}},{"start":{},"end":{}}],"line":17},"1":{"loc":{"start":{"line":17,"column":12},"end":{"line":17,"column":48}},"type":"binary-expr","locations":[{"start":{"line":17,"column":12},"end":{"line":17,"column":27}},{"start":{"line":17,"column":27},"end":{"line":17,"column":48}}],"line":17},"2":{"loc":{"start":{"line":20,"column":12},"end":{"line":24,"column":null}},"type":"if","locations":[{"start":{"line":20,"column":12},"end":{"line":24,"column":null}},{"start":{},"end":{}}],"line":20},"3":{"loc":{"start":{"line":21,"column":16},"end":{"line":23,"column":null}},"type":"if","locations":[{"start":{"line":21,"column":16},"end":{"line":23,"column":null}},{"start":{},"end":{}}],"line":21},"4":{"loc":{"start":{"line":31,"column":8},"end":{"line":31,"column":null}},"type":"if","locations":[{"start":{"line":31,"column":8},"end":{"line":31,"column":null}},{"start":{},"end":{}}],"line":31},"5":{"loc":{"start":{"line":37,"column":8},"end":{"line":44,"column":null}},"type":"if","locations":[{"start":{"line":37,"column":8},"end":{"line":44,"column":null}},{"start":{},"end":{}}],"line":37},"6":{"loc":{"start":{"line":37,"column":12},"end":{"line":37,"column":76}},"type":"binary-expr","locations":[{"start":{"line":37,"column":12},"end":{"line":37,"column":27}},{"start":{"line":37,"column":27},"end":{"line":37,"column":58}},{"start":{"line":37,"column":58},"end":{"line":37,"column":76}}],"line":37},"7":{"loc":{"start":{"line":40,"column":12},"end":{"line":43,"column":null}},"type":"if","locations":[{"start":{"line":40,"column":12},"end":{"line":43,"column":null}},{"start":{},"end":{}}],"line":40},"8":{"loc":{"start":{"line":40,"column":16},"end":{"line":40,"column":98}},"type":"binary-expr","locations":[{"start":{"line":40,"column":16},"end":{"line":40,"column":53}},{"start":{"line":40,"column":53},"end":{"line":40,"column":98}}],"line":40},"9":{"loc":{"start":{"line":48,"column":8},"end":{"line":69,"column":null}},"type":"if","locations":[{"start":{"line":48,"column":8},"end":{"line":69,"column":null}},{"start":{"line":56,"column":15},"end":{"line":69,"column":null}}],"line":48},"10":{"loc":{"start":{"line":48,"column":12},"end":{"line":48,"column":70}},"type":"binary-expr","locations":[{"start":{"line":48,"column":12},"end":{"line":48,"column":30}},{"start":{"line":48,"column":30},"end":{"line":48,"column":70}}],"line":48},"11":{"loc":{"start":{"line":50,"column":12},"end":{"line":55,"column":null}},"type":"if","locations":[{"start":{"line":50,"column":12},"end":{"line":55,"column":null}},{"start":{"line":52,"column":19},"end":{"line":55,"column":null}}],"line":50},"12":{"loc":{"start":{"line":61,"column":12},"end":{"line":66,"column":null}},"type":"if","locations":[{"start":{"line":61,"column":12},"end":{"line":66,"column":null}},{"start":{"line":63,"column":12},"end":{"line":66,"column":null}}],"line":61},"13":{"loc":{"start":{"line":61,"column":16},"end":{"line":61,"column":53}},"type":"binary-expr","locations":[{"start":{"line":61,"column":16},"end":{"line":61,"column":35}},{"start":{"line":61,"column":35},"end":{"line":61,"column":53}}],"line":61},"14":{"loc":{"start":{"line":63,"column":12},"end":{"line":66,"column":null}},"type":"if","locations":[{"start":{"line":63,"column":12},"end":{"line":66,"column":null}},{"start":{},"end":{}}],"line":63},"15":{"loc":{"start":{"line":63,"column":23},"end":{"line":63,"column":61}},"type":"binary-expr","locations":[{"start":{"line":63,"column":23},"end":{"line":63,"column":42}},{"start":{"line":63,"column":42},"end":{"line":63,"column":61}}],"line":63},"16":{"loc":{"start":{"line":73,"column":63},"end":{"line":73,"column":84}},"type":"default-arg","locations":[{"start":{"line":73,"column":80},"end":{"line":73,"column":84}}],"line":73},"17":{"loc":{"start":{"line":77,"column":8},"end":{"line":87,"column":null}},"type":"if","locations":[{"start":{"line":77,"column":8},"end":{"line":87,"column":null}},{"start":{"line":85,"column":15},"end":{"line":87,"column":null}}],"line":77},"18":{"loc":{"start":{"line":91,"column":8},"end":{"line":91,"column":null}},"type":"if","locations":[{"start":{"line":91,"column":8},"end":{"line":91,"column":null}},{"start":{},"end":{}}],"line":91},"19":{"loc":{"start":{"line":94,"column":8},"end":{"line":116,"column":null}},"type":"switch","locations":[{"start":{"line":95,"column":12},"end":{"line":96,"column":null}},{"start":{"line":97,"column":12},"end":{"line":104,"column":null}},{"start":{"line":105,"column":12},"end":{"line":111,"column":null}},{"start":{"line":112,"column":12},"end":{"line":113,"column":null}},{"start":{"line":114,"column":12},"end":{"line":115,"column":null}}],"line":94},"20":{"loc":{"start":{"line":99,"column":16},"end":{"line":101,"column":null}},"type":"if","locations":[{"start":{"line":99,"column":16},"end":{"line":101,"column":null}},{"start":{},"end":{}}],"line":99},"21":{"loc":{"start":{"line":102,"column":16},"end":{"line":102,"column":null}},"type":"if","locations":[{"start":{"line":102,"column":16},"end":{"line":102,"column":null}},{"start":{},"end":{}}],"line":102},"22":{"loc":{"start":{"line":102,"column":20},"end":{"line":102,"column":87}},"type":"binary-expr","locations":[{"start":{"line":102,"column":20},"end":{"line":102,"column":47}},{"start":{"line":102,"column":47},"end":{"line":102,"column":87}}],"line":102},"23":{"loc":{"start":{"line":103,"column":16},"end":{"line":103,"column":null}},"type":"if","locations":[{"start":{"line":103,"column":16},"end":{"line":103,"column":null}},{"start":{},"end":{}}],"line":103},"24":{"loc":{"start":{"line":103,"column":20},"end":{"line":103,"column":87}},"type":"binary-expr","locations":[{"start":{"line":103,"column":20},"end":{"line":103,"column":47}},{"start":{"line":103,"column":47},"end":{"line":103,"column":87}}],"line":103},"25":{"loc":{"start":{"line":106,"column":16},"end":{"line":110,"column":null}},"type":"if","locations":[{"start":{"line":106,"column":16},"end":{"line":110,"column":null}},{"start":{},"end":{}}],"line":106},"26":{"loc":{"start":{"line":106,"column":20},"end":{"line":106,"column":63}},"type":"binary-expr","locations":[{"start":{"line":106,"column":20},"end":{"line":106,"column":40}},{"start":{"line":106,"column":40},"end":{"line":106,"column":63}}],"line":106},"27":{"loc":{"start":{"line":108,"column":20},"end":{"line":108,"column":null}},"type":"if","locations":[{"start":{"line":108,"column":20},"end":{"line":108,"column":null}},{"start":{},"end":{}}],"line":108},"28":{"loc":{"start":{"line":109,"column":20},"end":{"line":109,"column":null}},"type":"if","locations":[{"start":{"line":109,"column":20},"end":{"line":109,"column":null}},{"start":{},"end":{}}],"line":109},"29":{"loc":{"start":{"line":120,"column":8},"end":{"line":120,"column":null}},"type":"if","locations":[{"start":{"line":120,"column":8},"end":{"line":120,"column":null}},{"start":{},"end":{}}],"line":120}},"s":{"0":3,"1":0,"2":0,"3":0,"4":0,"5":0,"6":0,"7":0,"8":0,"9":0,"10":0,"11":0,"12":0,"13":0,"14":0,"15":0,"16":0,"17":0,"18":0,"19":0,"20":0,"21":0,"22":0,"23":0,"24":0,"25":0,"26":0,"27":0,"28":0,"29":0,"30":0,"31":0,"32":0,"33":0,"34":0,"35":0,"36":0,"37":0,"38":0,"39":0,"40":0,"41":0,"42":0,"43":0,"44":0,"45":0,"46":0,"47":0,"48":0,"49":0,"50":0,"51":0,"52":0,"53":0,"54":0,"55":0,"56":0,"57":0,"58":0,"59":0,"60":0,"61":0},"f":{"0":3,"1":0,"2":0,"3":0,"4":0,"5":0,"6":0},"b":{"0":[0,0],"1":[0,0],"2":[0,0],"3":[0,0],"4":[0,0],"5":[0,0],"6":[0,0,0],"7":[0,0],"8":[0,0],"9":[0,0],"10":[0,0],"11":[0,0],"12":[0,0],"13":[0,0],"14":[0,0],"15":[0,0],"16":[0],"17":[0,0],"18":[0,0],"19":[0,0,0,0,0],"20":[0,0],"21":[0,0],"22":[0,0],"23":[0,0],"24":[0,0],"25":[0,0],"26":[0,0],"27":[0,0],"28":[0,0],"29":[0,0]},"meta":{"lastBranch":30,"lastFunction":7,"lastStatement":62,"seen":{"f:9:4:9:16":0,"s:10:8:10:Infinity":0,"f:13:4:13:19":1,"s:14:31:14:Infinity":1,"s:15:24:15:Infinity":2,"b:17:8:17:Infinity:undefined:undefined:undefined:undefined":0,"s:17:8:17:Infinity":3,"b:17:12:17:27:17:27:17:48":1,"s:17:48:17:Infinity":4,"s:19:8:25:Infinity":5,"f:19:35:19:36":2,"b:20:12:24:Infinity:undefined:undefined:undefined:undefined":2,"s:20:12:24:Infinity":6,"b:21:16:23:Infinity:undefined:undefined:undefined:undefined":3,"s:21:16:23:Infinity":7,"s:22:20:22:Infinity":8,"s:27:8:27:Infinity":9,"f:30:11:30:25":3,"b:31:8:31:Infinity:undefined:undefined:undefined:undefined":4,"s:31:8:31:Infinity":10,"s:31:51:31:Infinity":11,"s:35:33:35:Infinity":12,"b:37:8:44:Infinity:undefined:undefined:undefined:undefined":5,"s:37:8:44:Infinity":13,"b:37:12:37:27:37:27:37:58:37:58:37:76":6,"b:40:12:43:Infinity:undefined:undefined:undefined:undefined":7,"s:40:12:43:Infinity":14,"b:40:16:40:53:40:53:40:98":8,"s:41:16:41:Infinity":15,"s:42:16:42:Infinity":16,"b:48:8:69:Infinity:56:15:69:Infinity":9,"s:48:8:69:Infinity":17,"b:48:12:48:30:48:30:48:70":10,"s:49:31:49:Infinity":18,"b:50:12:55:Infinity:52:19:55:Infinity":11,"s:50:12:55:Infinity":19,"s:51:16:51:Infinity":20,"s:53:16:53:Infinity":21,"s:54:16:54:Infinity":22,"s:58:26:58:Infinity":23,"b:61:12:66:Infinity:63:12:66:Infinity":12,"s:61:12:66:Infinity":24,"b:61:16:61:35:61:35:61:53":13,"s:62:16:62:Infinity":25,"b:63:12:66:Infinity:undefined:undefined:undefined:undefined":14,"s:63:12:66:Infinity":26,"b:63:23:63:42:63:42:63:61":15,"s:65:16:65:Infinity":27,"s:68:12:68:Infinity":28,"s:70:8:70:Infinity":29,"f:73:11:73:25":4,"b:73:80:73:84":16,"s:74:27:74:Infinity":30,"s:75:27:75:Infinity":31,"b:77:8:87:Infinity:85:15:87:Infinity":17,"s:77:8:87:Infinity":32,"s:78:12:78:Infinity":33,"s:80:27:80:Infinity":34,"s:81:12:81:Infinity":35,"s:84:12:84:Infinity":36,"s:86:12:86:Infinity":37,"f:90:11:90:26":5,"b:91:8:91:Infinity:undefined:undefined:undefined:undefined":18,"s:91:8:91:Infinity":38,"s:91:31:91:Infinity":39,"s:92:32:92:Infinity":40,"b:95:12:96:Infinity:97:12:104:Infinity:105:12:111:Infinity:112:12:113:Infinity:114:12:115:Infinity":19,"s:94:8:116:Infinity":41,"s:96:16:96:Infinity":42,"b:99:16:101:Infinity:undefined:undefined:undefined:undefined":20,"s:99:16:101:Infinity":43,"s:100:20:100:Infinity":44,"b:102:16:102:Infinity:undefined:undefined:undefined:undefined":21,"s:102:16:102:Infinity":45,"b:102:20:102:47:102:47:102:87":22,"s:102:87:102:Infinity":46,"b:103:16:103:Infinity:undefined:undefined:undefined:undefined":23,"s:103:16:103:Infinity":47,"b:103:20:103:47:103:47:103:87":24,"s:103:87:103:Infinity":48,"s:104:16:104:Infinity":49,"b:106:16:110:Infinity:undefined:undefined:undefined:undefined":25,"s:106:16:110:Infinity":50,"b:106:20:106:40:106:40:106:63":26,"s:107:33:107:Infinity":51,"b:108:20:108:Infinity:undefined:undefined:undefined:undefined":27,"s:108:20:108:Infinity":52,"s:108:50:108:Infinity":53,"b:109:20:109:Infinity:undefined:undefined:undefined:undefined":28,"s:109:20:109:Infinity":54,"s:109:50:109:Infinity":55,"s:111:16:111:Infinity":56,"s:113:16:113:Infinity":57,"s:115:16:115:Infinity":58,"f:119:12:119:31":6,"b:120:8:120:Infinity:undefined:undefined:undefined:undefined":29,"s:120:8:120:Infinity":59,"s:120:21:120:Infinity":60,"s:121:8:121:Infinity":61}}}
,"C:\\Users\\MinkyoLee\\NivelArenaSimulator2\\src\\logic\\types.ts": {"path":"C:\\Users\\MinkyoLee\\NivelArenaSimulator2\\src\\logic\\types.ts","statementMap":{"0":{"start":{"line":1,"column":7},"end":{"line":1,"column":null}},"1":{"start":{"line":2,"column":4},"end":{"line":2,"column":null}},"2":{"start":{"line":3,"column":4},"end":{"line":3,"column":null}},"3":{"start":{"line":4,"column":4},"end":{"line":4,"column":null}},"4":{"start":{"line":5,"column":4},"end":{"line":5,"column":null}},"5":{"start":{"line":1,"column":12},"end":{"line":1,"column":null}},"6":{"start":{"line":8,"column":7},"end":{"line":8,"column":null}},"7":{"start":{"line":9,"column":4},"end":{"line":9,"column":null}},"8":{"start":{"line":10,"column":4},"end":{"line":10,"column":null}},"9":{"start":{"line":11,"column":4},"end":{"line":11,"column":null}},"10":{"start":{"line":12,"column":4},"end":{"line":12,"column":null}},"11":{"start":{"line":13,"column":4},"end":{"line":13,"column":null}},"12":{"start":{"line":14,"column":4},"end":{"line":14,"column":null}},"13":{"start":{"line":8,"column":12},"end":{"line":8,"column":null}},"14":{"start":{"line":17,"column":7},"end":{"line":17,"column":null}},"15":{"start":{"line":18,"column":4},"end":{"line":18,"column":null}},"16":{"start":{"line":19,"column":4},"end":{"line":19,"column":null}},"17":{"start":{"line":20,"column":4},"end":{"line":20,"column":null}},"18":{"start":{"line":21,"column":4},"end":{"line":21,"column":null}},"19":{"start":{"line":22,"column":4},"end":{"line":22,"column":null}},"20":{"start":{"line":23,"column":4},"end":{"line":23,"column":null}},"21":{"start":{"line":24,"column":4},"end":{"line":24,"column":null}},"22":{"start":{"line":17,"column":12},"end":{"line":17,"column":null}},"23":{"start":{"line":27,"column":7},"end":{"line":27,"column":null}},"24":{"start":{"line":28,"column":4},"end":{"line":28,"column":null}},"25":{"start":{"line":29,"column":4},"end":{"line":29,"column":null}},"26":{"start":{"line":30,"column":4},"end":{"line":30,"column":null}},"27":{"start":{"line":31,"column":4},"end":{"line":31,"column":null}},"28":{"start":{"line":32,"column":4},"end":{"line":32,"column":null}},"29":{"start":{"line":33,"column":4},"end":{"line":33,"column":null}},"30":{"start":{"line":34,"column":4},"end":{"line":34,"column":null}},"31":{"start":{"line":35,"column":4},"end":{"line":35,"column":null}},"32":{"start":{"line":36,"column":4},"end":{"line":36,"column":null}},"33":{"start":{"line":37,"column":4},"end":{"line":37,"column":null}},"34":{"start":{"line":38,"column":4},"end":{"line":38,"column":null}},"35":{"start":{"line":27,"column":12},"end":{"line":27,"column":null}},"36":{"start":{"line":121,"column":7},"end":{"line":121,"column":null}},"37":{"start":{"line":122,"column":4},"end":{"line":122,"column":null}},"38":{"start":{"line":123,"column":4},"end":{"line":123,"column":null}},"39":{"start":{"line":124,"column":4},"end":{"line":124,"column":null}},"40":{"start":{"line":125,"column":4},"end":{"line":125,"column":null}},"41":{"start":{"line":126,"column":4},"end":{"line":126,"column":null}},"42":{"start":{"line":127,"column":4},"end":{"line":127,"column":null}},"43":{"start":{"line":121,"column":12},"end":{"line":121,"column":null}}},"fnMap":{"0":{"name":"(anonymous_0)","decl":{"start":{"line":1,"column":7},"end":{"line":1,"column":12}},"loc":{"start":{"line":1,"column":7},"end":{"line":1,"column":null}},"line":1},"1":{"name":"(anonymous_1)","decl":{"start":{"line":8,"column":7},"end":{"line":8,"column":12}},"loc":{"start":{"line":8,"column":7},"end":{"line":8,"column":null}},"line":8},"2":{"name":"(anonymous_2)","decl":{"start":{"line":17,"column":7},"end":{"line":17,"column":12}},"loc":{"start":{"line":17,"column":7},"end":{"line":17,"column":null}},"line":17},"3":{"name":"(anonymous_3)","decl":{"start":{"line":27,"column":7},"end":{"line":27,"column":12}},"loc":{"start":{"line":27,"column":7},"end":{"line":27,"column":null}},"line":27},"4":{"name":"(anonymous_4)","decl":{"start":{"line":121,"column":7},"end":{"line":121,"column":12}},"loc":{"start":{"line":121,"column":7},"end":{"line":121,"column":null}},"line":121}},"branchMap":{"0":{"loc":{"start":{"line":1,"column":12},"end":{"line":1,"column":null}},"type":"binary-expr","locations":[{"start":{"line":1,"column":12},"end":{"line":1,"column":null}},{"start":{"line":1,"column":12},"end":{"line":1,"column":null}}],"line":1},"1":{"loc":{"start":{"line":8,"column":12},"end":{"line":8,"column":null}},"type":"binary-expr","locations":[{"start":{"line":8,"column":12},"end":{"line":8,"column":null}},{"start":{"line":8,"column":12},"end":{"line":8,"column":null}}],"line":8},"2":{"loc":{"start":{"line":17,"column":12},"end":{"line":17,"column":null}},"type":"binary-expr","locations":[{"start":{"line":17,"column":12},"end":{"line":17,"column":null}},{"start":{"line":17,"column":12},"end":{"line":17,"column":null}}],"line":17},"3":{"loc":{"start":{"line":27,"column":12},"end":{"line":27,"column":null}},"type":"binary-expr","locations":[{"start":{"line":27,"column":12},"end":{"line":27,"column":null}},{"start":{"line":27,"column":12},"end":{"line":27,"column":null}}],"line":27},"4":{"loc":{"start":{"line":121,"column":12},"end":{"line":121,"column":null}},"type":"binary-expr","locations":[{"start":{"line":121,"column":12},"end":{"line":121,"column":null}},{"start":{"line":121,"column":12},"end":{"line":121,"column":null}}],"line":121}},"s":{"0":1,"1":1,"2":1,"3":1,"4":1,"5":1,"6":1,"7":1,"8":1,"9":1,"10":1,"11":1,"12":1,"13":1,"14":1,"15":1,"16":1,"17":1,"18":1,"19":1,"20":1,"21":1,"22":1,"23":1,"24":1,"25":1,"26":1,"27":1,"28":1,"29":1,"30":1,"31":1,"32":1,"33":1,"34":1,"35":1,"36":1,"37":1,"38":1,"39":1,"40":1,"41":1,"42":1,"43":1},"f":{"0":1,"1":1,"2":1,"3":1,"4":1},"b":{"0":[1,1],"1":[1,1],"2":[1,1],"3":[1,1],"4":[1,1]},"meta":{"lastBranch":5,"lastFunction":5,"lastStatement":44,"seen":{"s:1:7:1:Infinity":0,"f:1:7:1:12":0,"s:2:4:2:Infinity":1,"s:3:4:3:Infinity":2,"s:4:4:4:Infinity":3,"s:5:4:5:Infinity":4,"s:1:12:1:Infinity":5,"b:1:12:1:Infinity:1:12:1:Infinity":0,"s:8:7:8:Infinity":6,"f:8:7:8:12":1,"s:9:4:9:Infinity":7,"s:10:4:10:Infinity":8,"s:11:4:11:Infinity":9,"s:12:4:12:Infinity":10,"s:13:4:13:Infinity":11,"s:14:4:14:Infinity":12,"s:8:12:8:Infinity":13,"b:8:12:8:Infinity:8:12:8:Infinity":1,"s:17:7:17:Infinity":14,"f:17:7:17:12":2,"s:18:4:18:Infinity":15,"s:19:4:19:Infinity":16,"s:20:4:20:Infinity":17,"s:21:4:21:Infinity":18,"s:22:4:22:Infinity":19,"s:23:4:23:Infinity":20,"s:24:4:24:Infinity":21,"s:17:12:17:Infinity":22,"b:17:12:17:Infinity:17:12:17:Infinity":2,"s:27:7:27:Infinity":23,"f:27:7:27:12":3,"s:28:4:28:Infinity":24,"s:29:4:29:Infinity":25,"s:30:4:30:Infinity":26,"s:31:4:31:Infinity":27,"s:32:4:32:Infinity":28,"s:33:4:33:Infinity":29,"s:34:4:34:Infinity":30,"s:35:4:35:Infinity":31,"s:36:4:36:Infinity":32,"s:37:4:37:Infinity":33,"s:38:4:38:Infinity":34,"s:27:12:27:Infinity":35,"b:27:12:27:Infinity:27:12:27:Infinity":3,"s:121:7:121:Infinity":36,"f:121:7:121:12":4,"s:122:4:122:Infinity":37,"s:123:4:123:Infinity":38,"s:124:4:124:Infinity":39,"s:125:4:125:Infinity":40,"s:126:4:126:Infinity":41,"s:127:4:127:Infinity":42,"s:121:12:121:Infinity":43,"b:121:12:121:Infinity:121:12:121:Infinity":4}}}
,"C:\\Users\\MinkyoLee\\NivelArenaSimulator2\\src\\logic\\cardEffects\\st01.ts": {"path":"C:\\Users\\MinkyoLee\\NivelArenaSimulator2\\src\\logic\\cardEffects\\st01.ts","statementMap":{"0":{"start":{"line":3,"column":54},"end":{"line":184,"column":null}}},"fnMap":{},"branchMap":{},"s":{"0":1},"f":{},"b":{},"meta":{"lastBranch":0,"lastFunction":0,"lastStatement":1,"seen":{"s:3:54:184:Infinity":0}}}
,"C:\\Users\\MinkyoLee\\NivelArenaSimulator2\\src\\logic\\cardEffects\\st02.ts": {"path":"C:\\Users\\MinkyoLee\\NivelArenaSimulator2\\src\\logic\\cardEffects\\st02.ts","statementMap":{"0":{"start":{"line":3,"column":54},"end":{"line":142,"column":null}}},"fnMap":{},"branchMap":{},"s":{"0":1},"f":{},"b":{},"meta":{"lastBranch":0,"lastFunction":0,"lastStatement":1,"seen":{"s:3:54:142:Infinity":0}}}
}
